Using pre-set license
Built from '2021.3/staging' branch; Version is '2021.3.6f1 (7da38d85baf6) revision 8233869'; Using compiler version '192829333'; Build Type 'Release'
OS: 'Windows 10  (10.0.19045) 64bit Core' Language: 'en' Physical Memory: 16273 MB
BatchMode: 1, IsHumanControllingUs: 0, StartBugReporterOnCrash: 0, Is64bit: 1, IsPro: 1

COMMAND LINE ARGUMENTS:
C:\Program Files\Unity\Hub\Editor\2021.3.6f1\Editor\Unity.exe
-adb2
-batchMode
-noUpm
-name
AssetImportWorker2
-projectPath
C:/Users/HP/Downloads/Compressed/Tower-Defense-Tutorial-master/Tower-Defense-Tutorial-master/Tower Defense Unity Project
-logFile
Logs/AssetImportWorker2.log
-srvPort
63112
Successfully changed project path to: C:/Users/HP/Downloads/Compressed/Tower-Defense-Tutorial-master/Tower-Defense-Tutorial-master/Tower Defense Unity Project
C:/Users/HP/Downloads/Compressed/Tower-Defense-Tutorial-master/Tower-Defense-Tutorial-master/Tower Defense Unity Project
[UnityMemory] Configuration Parameters - Can be set up in boot.config
    "memorysetup-bucket-allocator-granularity=16"
    "memorysetup-bucket-allocator-bucket-count=8"
    "memorysetup-bucket-allocator-block-size=33554432"
    "memorysetup-bucket-allocator-block-count=8"
    "memorysetup-main-allocator-block-size=16777216"
    "memorysetup-thread-allocator-block-size=16777216"
    "memorysetup-gfx-main-allocator-block-size=16777216"
    "memorysetup-gfx-thread-allocator-block-size=16777216"
    "memorysetup-cache-allocator-block-size=4194304"
    "memorysetup-typetree-allocator-block-size=2097152"
    "memorysetup-profiler-bucket-allocator-granularity=16"
    "memorysetup-profiler-bucket-allocator-bucket-count=8"
    "memorysetup-profiler-bucket-allocator-block-size=33554432"
    "memorysetup-profiler-bucket-allocator-block-count=8"
    "memorysetup-profiler-allocator-block-size=16777216"
    "memorysetup-profiler-editor-allocator-block-size=1048576"
    "memorysetup-temp-allocator-size-main=16777216"
    "memorysetup-job-temp-allocator-block-size=2097152"
    "memorysetup-job-temp-allocator-block-size-background=1048576"
    "memorysetup-job-temp-allocator-reduction-small-platforms=262144"
    "memorysetup-temp-allocator-size-background-worker=32768"
    "memorysetup-temp-allocator-size-job-worker=262144"
    "memorysetup-temp-allocator-size-preload-manager=33554432"
    "memorysetup-temp-allocator-size-nav-mesh-worker=65536"
    "memorysetup-temp-allocator-size-audio-worker=65536"
    "memorysetup-temp-allocator-size-cloud-worker=32768"
    "memorysetup-temp-allocator-size-gi-baking-worker=262144"
    "memorysetup-temp-allocator-size-gfx=262144"
Refreshing native plugins compatible for Editor in 99.00 ms, found 3 plugins.
Preloading 0 native plugins for Editor in 0.00 ms.
Initialize engine version: 2021.3.6f1 (7da38d85baf6)
[Subsystems] Discovering subsystems at path C:/Program Files/Unity/Hub/Editor/2021.3.6f1/Editor/Data/Resources/UnitySubsystems
[Subsystems] Discovering subsystems at path C:/Users/HP/Downloads/Compressed/Tower-Defense-Tutorial-master/Tower-Defense-Tutorial-master/Tower Defense Unity Project/Assets
GfxDevice: creating device client; threaded=0; jobified=0
Direct3D:
    Version:  Direct3D 11.0 [level 11.1]
    Renderer: NVIDIA GeForce GTX 965M (ID=0x1427)
    Vendor:   NVIDIA
    VRAM:     4053 MB
    Driver:   30.0.14.7219
Initialize mono
Mono path[0] = 'C:/Program Files/Unity/Hub/Editor/2021.3.6f1/Editor/Data/Managed'
Mono path[1] = 'C:/Program Files/Unity/Hub/Editor/2021.3.6f1/Editor/Data/MonoBleedingEdge/lib/mono/unityjit-win32'
Mono config path = 'C:/Program Files/Unity/Hub/Editor/2021.3.6f1/Editor/Data/MonoBleedingEdge/etc'
Using monoOptions --debugger-agent=transport=dt_socket,embedding=1,server=y,suspend=n,address=127.0.0.1:56208
Begin MonoManager ReloadAssembly
Registering precompiled unity dll's ...
Register platform support module: C:/Program Files/Unity/Hub/Editor/2021.3.6f1/Editor/Data/PlaybackEngines/WebGLSupport/UnityEditor.WebGL.Extensions.dll
Register platform support module: C:/Program Files/Unity/Hub/Editor/2021.3.6f1/Editor/Data/PlaybackEngines/AndroidPlayer/UnityEditor.Android.Extensions.dll
Register platform support module: C:/Program Files/Unity/Hub/Editor/2021.3.6f1/Editor/Data/PlaybackEngines/WindowsStandaloneSupport/UnityEditor.WindowsStandalone.Extensions.dll
Registered in 0.012170 seconds.
Native extension for WindowsStandalone target not found
Native extension for Android target not found
Native extension for WebGL target not found
Refreshing native plugins compatible for Editor in 99.75 ms, found 3 plugins.
Preloading 0 native plugins for Editor in 0.00 ms.
Mono: successfully reloaded assembly
- Completed reload, in  0.889 seconds
Domain Reload Profiling:
	ReloadAssembly (889ms)
		BeginReloadAssembly (108ms)
			ExecutionOrderSort (0ms)
			DisableScriptedObjects (0ms)
			BackupInstance (0ms)
			ReleaseScriptingObjects (0ms)
			CreateAndSetChildDomain (1ms)
		EndReloadAssembly (627ms)
			LoadAssemblies (106ms)
			RebuildTransferFunctionScriptingTraits (0ms)
			SetupTypeCache (153ms)
			ReleaseScriptCaches (0ms)
			RebuildScriptCaches (38ms)
			SetupLoadedEditorAssemblies (367ms)
				LogAssemblyErrors (0ms)
				InitializePlatformSupportModulesInManaged (78ms)
				SetLoadedEditorAssemblies (0ms)
				RefreshPlugins (100ms)
				BeforeProcessingInitializeOnLoad (2ms)
				ProcessInitializeOnLoadAttributes (130ms)
				ProcessInitializeOnLoadMethodAttributes (57ms)
				AfterProcessingInitializeOnLoad (0ms)
				EditorAssembliesLoaded (0ms)
			ExecutionOrderSort2 (0ms)
			AwakeInstancesAfterBackupRestoration (0ms)
Platform modules already initialized, skipping
Registering precompiled user dll's ...
Registered in 0.008056 seconds.
Begin MonoManager ReloadAssembly
Symbol file LoadedFromMemory doesn't match image C:\Users\HP\Downloads\Compressed\Tower-Defense-Tutorial-master\Tower-Defense-Tutorial-master\Tower Defense Unity Project\Library\PackageCache\com.unity.visualscripting@1.7.8\Editor\VisualScripting.Core\Dependencies\YamlDotNet\Unity.VisualScripting.YamlDotNet.dll
Symbol file LoadedFromMemory doesn't match image C:\Users\HP\Downloads\Compressed\Tower-Defense-Tutorial-master\Tower-Defense-Tutorial-master\Tower Defense Unity Project\Library\PackageCache\com.unity.visualscripting@1.7.8\Editor\VisualScripting.Core\Dependencies\DotNetZip\Unity.VisualScripting.IonicZip.dll
Native extension for WindowsStandalone target not found
Native extension for Android target not found
Native extension for WebGL target not found
Refreshing native plugins compatible for Editor in 0.64 ms, found 3 plugins.
Preloading 0 native plugins for Editor in 0.00 ms.
Mono: successfully reloaded assembly
- Completed reload, in  6.829 seconds
Domain Reload Profiling:
	ReloadAssembly (6830ms)
		BeginReloadAssembly (279ms)
			ExecutionOrderSort (0ms)
			DisableScriptedObjects (8ms)
			BackupInstance (0ms)
			ReleaseScriptingObjects (0ms)
			CreateAndSetChildDomain (152ms)
		EndReloadAssembly (6339ms)
			LoadAssemblies (3397ms)
			RebuildTransferFunctionScriptingTraits (0ms)
			SetupTypeCache (1143ms)
			ReleaseScriptCaches (1ms)
			RebuildScriptCaches (64ms)
			SetupLoadedEditorAssemblies (1667ms)
				LogAssemblyErrors (0ms)
				InitializePlatformSupportModulesInManaged (26ms)
				SetLoadedEditorAssemblies (1ms)
				RefreshPlugins (1ms)
				BeforeProcessingInitializeOnLoad (112ms)
				ProcessInitializeOnLoadAttributes (384ms)
				ProcessInitializeOnLoadMethodAttributes (1134ms)
				AfterProcessingInitializeOnLoad (10ms)
				EditorAssembliesLoaded (0ms)
			ExecutionOrderSort2 (0ms)
			AwakeInstancesAfterBackupRestoration (8ms)
Platform modules already initialized, skipping
========================================================================
Worker process is ready to serve import requests
Launched and connected shader compiler UnityShaderCompiler.exe after 0.10 seconds
Refreshing native plugins compatible for Editor in 0.68 ms, found 3 plugins.
Preloading 0 native plugins for Editor in 0.00 ms.
Unloading 3271 Unused Serialized files (Serialized files now loaded: 0)
Unloading 24 unused Assets / (55.3 KB). Loaded Objects now: 3734.
Memory consumption went from 113.6 MB to 113.5 MB.
Total: 4.456500 ms (FindLiveObjects: 0.301000 ms CreateObjectMapping: 0.229400 ms MarkObjects: 3.843600 ms  DeleteObjects: 0.081200 ms)

AssetImportParameters requested are different than current active one (requested -> active):
  custom:video-decoder-ogg-theora: a1e56fd34408186e4bbccfd4996cb3dc -> 
  custom:container-muxer-webm: aa71ff27fc2769a1b78a27578f13a17b -> 
  custom:container-demuxer-webm: 4f35f7cbe854078d1ac9338744f61a02 -> 
  custom:video-encoder-webm-vp8: eb34c28f22e8b96e1ab97ce403110664 -> 
  custom:audio-encoder-webm-vorbis: bf7c407c2cedff20999df2af8eb42d56 -> 
  custom:framework-win-MediaFoundation: 216162199b28c13a410421893ffa2e32 -> 
  custom:container-demuxer-ogg: 62fdf1f143b41e24485cea50d1cbac27 -> 
  custom:video-decoder-webm-vp8: 9c59270c3fd7afecdb556c50c9e8de78 -> 
  custom:audio-decoder-ogg-vorbis: bf7c407c2cedff20999df2af8eb42d56 -> 
========================================================================
Received Import Request.
  Time since last request: 430704.194901 seconds.
  path: Assets/Sprites/WhiteSquare.jpg
  artifactKey: Guid(d040e77486189ee4bace774145120c5e) Importer(815301076,1909f56bfc062723c751e8b465ee728b)
Start importing Assets/Sprites/WhiteSquare.jpg using Guid(d040e77486189ee4bace774145120c5e) Importer(815301076,1909f56bfc062723c751e8b465ee728b)  -> (artifact id: '4266b0502dd1666c6bbfbfd4d0ddbad8') in 0.188168 seconds 
========================================================================
Received Import Request.
  Time since last request: 0.000026 seconds.
  path: Assets/Icons/LaserBeamerIcon.png
  artifactKey: Guid(a48d54caf58e38b408ad19a22cd4f76c) Importer(815301076,1909f56bfc062723c751e8b465ee728b)
Start importing Assets/Icons/LaserBeamerIcon.png using Guid(a48d54caf58e38b408ad19a22cd4f76c) Importer(815301076,1909f56bfc062723c751e8b465ee728b)  -> (artifact id: 'e8a852a4cb774a91520cc5142bb7e48e') in 0.087061 seconds 
========================================================================
Received Import Request.
  Time since last request: 0.000038 seconds.
  path: Assets/Sprites
  artifactKey: Guid(b11b797b34939ee489a54f252ef995a0) Importer(815301076,1909f56bfc062723c751e8b465ee728b)
Start importing Assets/Sprites using Guid(b11b797b34939ee489a54f252ef995a0) Importer(815301076,1909f56bfc062723c751e8b465ee728b)  -> (artifact id: '36659854ff449bda027041419d25f0bd') in 0.019034 seconds 
========================================================================
Received Import Request.
  Time since last request: 0.000106 seconds.
  path: Assets/MainScene/ReflectionProbe-0.exr
  artifactKey: Guid(a5c30a8c28667324eae7b46e246ceda2) Importer(815301076,1909f56bfc062723c751e8b465ee728b)
Start importing Assets/MainScene/ReflectionProbe-0.exr using Guid(a5c30a8c28667324eae7b46e246ceda2) Importer(815301076,1909f56bfc062723c751e8b465ee728b)  -> (artifact id: 'bf921fd7f71b45396042ad78b25990f3') in 0.087776 seconds 
========================================================================
Received Import Request.
  Time since last request: 0.000024 seconds.
  path: Assets/Scripts
  artifactKey: Guid(6add34ccd96cc714a9e9c821935a4c35) Importer(815301076,1909f56bfc062723c751e8b465ee728b)
Start importing Assets/Scripts using Guid(6add34ccd96cc714a9e9c821935a4c35) Importer(815301076,1909f56bfc062723c751e8b465ee728b)  -> (artifact id: '5a678612913f7f1977b1b1f3521e6bc4') in 0.017184 seconds 
========================================================================
Received Import Request.
  Time since last request: 147.881893 seconds.
  path: Assets/Animation
  artifactKey: Guid(8b03ac5be9fd7f046ad064224fc07643) Importer(815301076,1909f56bfc062723c751e8b465ee728b)
Start importing Assets/Animation using Guid(8b03ac5be9fd7f046ad064224fc07643) Importer(815301076,1909f56bfc062723c751e8b465ee728b)  -> (artifact id: '328eac56df53ec5a34a5613d1b4a9c26') in 0.016219 seconds 
========================================================================
Received Import Request.
  Time since last request: 7.564905 seconds.
  path: Assets/Animation/TurretMenu.anim
  artifactKey: Guid(3e1bf3594f7f47544afb240b522bee13) Importer(815301076,1909f56bfc062723c751e8b465ee728b)
Start importing Assets/Animation/TurretMenu.anim using Guid(3e1bf3594f7f47544afb240b522bee13) Importer(815301076,1909f56bfc062723c751e8b465ee728b)  -> (artifact id: '14c923869338ae20010f212e5567ff3e') in 0.030113 seconds 
========================================================================
Received Prepare
Registering precompiled user dll's ...
Registered in 0.006979 seconds.
Begin MonoManager ReloadAssembly
Symbol file LoadedFromMemory doesn't match image C:\Users\HP\Downloads\Compressed\Tower-Defense-Tutorial-master\Tower-Defense-Tutorial-master\Tower Defense Unity Project\Library\PackageCache\com.unity.visualscripting@1.7.8\Editor\VisualScripting.Core\Dependencies\YamlDotNet\Unity.VisualScripting.YamlDotNet.dll
Symbol file LoadedFromMemory doesn't match image C:\Users\HP\Downloads\Compressed\Tower-Defense-Tutorial-master\Tower-Defense-Tutorial-master\Tower Defense Unity Project\Library\PackageCache\com.unity.visualscripting@1.7.8\Editor\VisualScripting.Core\Dependencies\DotNetZip\Unity.VisualScripting.IonicZip.dll
Native extension for WindowsStandalone target not found
Native extension for Android target not found
Native extension for WebGL target not found
Refreshing native plugins compatible for Editor in 0.92 ms, found 3 plugins.
Preloading 0 native plugins for Editor in 0.00 ms.
Mono: successfully reloaded assembly
- Completed reload, in  1.533 seconds
Domain Reload Profiling:
	ReloadAssembly (1534ms)
		BeginReloadAssembly (185ms)
			ExecutionOrderSort (0ms)
			DisableScriptedObjects (7ms)
			BackupInstance (0ms)
			ReleaseScriptingObjects (0ms)
			CreateAndSetChildDomain (44ms)
		EndReloadAssembly (1220ms)
			LoadAssemblies (126ms)
			RebuildTransferFunctionScriptingTraits (0ms)
			SetupTypeCache (324ms)
			ReleaseScriptCaches (2ms)
			RebuildScriptCaches (67ms)
			SetupLoadedEditorAssemblies (614ms)
				LogAssemblyErrors (0ms)
				InitializePlatformSupportModulesInManaged (43ms)
				SetLoadedEditorAssemblies (1ms)
				RefreshPlugins (1ms)
				BeforeProcessingInitializeOnLoad (114ms)
				ProcessInitializeOnLoadAttributes (385ms)
				ProcessInitializeOnLoadMethodAttributes (55ms)
				AfterProcessingInitializeOnLoad (14ms)
				EditorAssembliesLoaded (0ms)
			ExecutionOrderSort2 (0ms)
			AwakeInstancesAfterBackupRestoration (13ms)
Platform modules already initialized, skipping
Refreshing native plugins compatible for Editor in 3.90 ms, found 3 plugins.
Preloading 0 native plugins for Editor in 0.00 ms.
Unloading 3265 Unused Serialized files (Serialized files now loaded: 0)
Unloading 17 unused Assets / (24.6 KB). Loaded Objects now: 3773.
Memory consumption went from 117.9 MB to 117.8 MB.
Total: 3.972000 ms (FindLiveObjects: 0.382300 ms CreateObjectMapping: 0.226100 ms MarkObjects: 3.329800 ms  DeleteObjects: 0.032100 ms)

AssetImportParameters requested are different than current active one (requested -> active):
  custom:video-decoder-ogg-theora: a1e56fd34408186e4bbccfd4996cb3dc -> 
  custom:container-muxer-webm: aa71ff27fc2769a1b78a27578f13a17b -> 
  custom:container-demuxer-webm: 4f35f7cbe854078d1ac9338744f61a02 -> 
  custom:video-encoder-webm-vp8: eb34c28f22e8b96e1ab97ce403110664 -> 
  custom:audio-encoder-webm-vorbis: bf7c407c2cedff20999df2af8eb42d56 -> 
  custom:framework-win-MediaFoundation: 216162199b28c13a410421893ffa2e32 -> 
  custom:container-demuxer-ogg: 62fdf1f143b41e24485cea50d1cbac27 -> 
  custom:video-decoder-webm-vp8: 9c59270c3fd7afecdb556c50c9e8de78 -> 
  custom:audio-decoder-ogg-vorbis: bf7c407c2cedff20999df2af8eb42d56 -> 
========================================================================
Received Import Request.
  Time since last request: 7094.975520 seconds.
  path: Assets/Srudent Game-UI/Slices
  artifactKey: Guid(1e886ad8d622b68479e5388c058a37e2) Importer(815301076,1909f56bfc062723c751e8b465ee728b)
Start importing Assets/Srudent Game-UI/Slices using Guid(1e886ad8d622b68479e5388c058a37e2) Importer(815301076,1909f56bfc062723c751e8b465ee728b)  -> (artifact id: 'c8d7e0767b36ada456a8e24932a9d4bc') in 0.028356 seconds 
========================================================================
Received Import Request.
  Time since last request: 12.961089 seconds.
  path: Assets/Srudent Game-UI/Slices/talking screen
  artifactKey: Guid(b3f9db9e9fbd4054a9d8710de1318c53) Importer(815301076,1909f56bfc062723c751e8b465ee728b)
Start importing Assets/Srudent Game-UI/Slices/talking screen using Guid(b3f9db9e9fbd4054a9d8710de1318c53) Importer(815301076,1909f56bfc062723c751e8b465ee728b)  -> (artifact id: '4b80e70e7d0633a0f3352c8091037c60') in 0.014352 seconds 
========================================================================
Received Import Request.
  Time since last request: 0.080623 seconds.
  path: Assets/Srudent Game-UI/Slices/talking screen/talking screen (1).png
  artifactKey: Guid(141d3a4d84cd9164ab52751a10798a22) Importer(815301076,1909f56bfc062723c751e8b465ee728b)
Start importing Assets/Srudent Game-UI/Slices/talking screen/talking screen (1).png using Guid(141d3a4d84cd9164ab52751a10798a22) Importer(815301076,1909f56bfc062723c751e8b465ee728b)  -> (artifact id: '5a7ce29b983aab9482d987d6a77cfe72') in 0.088226 seconds 
========================================================================
Received Import Request.
  Time since last request: 0.000057 seconds.
  path: Assets/Srudent Game-UI/Slices/talking screen/talking screen (3).png
  artifactKey: Guid(77b879cb0f29dfc48bcb407032224d98) Importer(815301076,1909f56bfc062723c751e8b465ee728b)
Start importing Assets/Srudent Game-UI/Slices/talking screen/talking screen (3).png using Guid(77b879cb0f29dfc48bcb407032224d98) Importer(815301076,1909f56bfc062723c751e8b465ee728b)  -> (artifact id: '3117ada45f47041cc5d921311b9c1ad6') in 0.043529 seconds 
========================================================================
Received Import Request.
  Time since last request: 2.814870 seconds.
  path: Assets/Srudent Game-UI/Slices/win screen
  artifactKey: Guid(f6518a214ac53e24299dee5a08641673) Importer(815301076,1909f56bfc062723c751e8b465ee728b)
Start importing Assets/Srudent Game-UI/Slices/win screen using Guid(f6518a214ac53e24299dee5a08641673) Importer(815301076,1909f56bfc062723c751e8b465ee728b)  -> (artifact id: 'dac19f5978bb5f283cc2dcf6243ce4c3') in 0.016672 seconds 
========================================================================
Received Import Request.
  Time since last request: 0.024076 seconds.
  path: Assets/Srudent Game-UI/Slices/win screen/w (1).png
  artifactKey: Guid(c1a5f8161313459459bc26a319a07a9d) Importer(815301076,1909f56bfc062723c751e8b465ee728b)
Start importing Assets/Srudent Game-UI/Slices/win screen/w (1).png using Guid(c1a5f8161313459459bc26a319a07a9d) Importer(815301076,1909f56bfc062723c751e8b465ee728b)  -> (artifact id: 'cba69591738ce74b40524ddabe4a93c0') in 0.037114 seconds 
========================================================================
Received Import Request.
  Time since last request: 0.000048 seconds.
  path: Assets/Srudent Game-UI/Slices/win screen/w (3).png
  artifactKey: Guid(160797975737db94aa81dd13c3fca4a6) Importer(815301076,1909f56bfc062723c751e8b465ee728b)
Start importing Assets/Srudent Game-UI/Slices/win screen/w (3).png using Guid(160797975737db94aa81dd13c3fca4a6) Importer(815301076,1909f56bfc062723c751e8b465ee728b)  -> (artifact id: 'b617bc24013cc5667d2bcbba71bfd5ae') in 0.044451 seconds 
========================================================================
Received Import Request.
  Time since last request: 0.000028 seconds.
  path: Assets/Srudent Game-UI/Slices/win screen/w (7).png
  artifactKey: Guid(ec21d63ad390860419558a17094d5081) Importer(815301076,1909f56bfc062723c751e8b465ee728b)
Start importing Assets/Srudent Game-UI/Slices/win screen/w (7).png using Guid(ec21d63ad390860419558a17094d5081) Importer(815301076,1909f56bfc062723c751e8b465ee728b)  -> (artifact id: 'cc89d6f74410a5d85ef7397711def3aa') in 0.044210 seconds 
========================================================================
Received Import Request.
  Time since last request: 6.512028 seconds.
  path: Assets/Srudent Game-UI/Slices/gameover screen
  artifactKey: Guid(c43a0a7d3fae48742b6de8c0647fcb98) Importer(815301076,1909f56bfc062723c751e8b465ee728b)
Start importing Assets/Srudent Game-UI/Slices/gameover screen using Guid(c43a0a7d3fae48742b6de8c0647fcb98) Importer(815301076,1909f56bfc062723c751e8b465ee728b)  -> (artifact id: 'fcc9ab784e0778c724b7299141687009') in 0.014513 seconds 
========================================================================
Received Import Request.
  Time since last request: 0.034943 seconds.
  path: Assets/Srudent Game-UI/Slices/gameover screen/G (1).png
  artifactKey: Guid(3af4d4619cdcb6949ab791899e4a3ae7) Importer(815301076,1909f56bfc062723c751e8b465ee728b)
Start importing Assets/Srudent Game-UI/Slices/gameover screen/G (1).png using Guid(3af4d4619cdcb6949ab791899e4a3ae7) Importer(815301076,1909f56bfc062723c751e8b465ee728b)  -> (artifact id: 'eb8e34bf4f0bf52cd96c6ef4642678dc') in 0.030445 seconds 
========================================================================
Received Import Request.
  Time since last request: 0.000031 seconds.
  path: Assets/Srudent Game-UI/Slices/gameover screen/G (3).png
  artifactKey: Guid(d7c56fd2d4740c4498a9a879915dffc2) Importer(815301076,1909f56bfc062723c751e8b465ee728b)
Start importing Assets/Srudent Game-UI/Slices/gameover screen/G (3).png using Guid(d7c56fd2d4740c4498a9a879915dffc2) Importer(815301076,1909f56bfc062723c751e8b465ee728b)  -> (artifact id: '2568dbdd5abc9548d1b165baa7da2361') in 0.042611 seconds 
========================================================================
Received Import Request.
  Time since last request: 2.402834 seconds.
  path: Assets/Srudent Game-UI/Slices/setting screen
  artifactKey: Guid(a50e30e75b163ea45b761815300acbcd) Importer(815301076,1909f56bfc062723c751e8b465ee728b)
Start importing Assets/Srudent Game-UI/Slices/setting screen using Guid(a50e30e75b163ea45b761815300acbcd) Importer(815301076,1909f56bfc062723c751e8b465ee728b)  -> (artifact id: 'd20d1707488bddeb5430b2e6509658c6') in 0.018195 seconds 
========================================================================
Received Import Request.
  Time since last request: 0.020613 seconds.
  path: Assets/Srudent Game-UI/Slices/setting screen/s (1).png
  artifactKey: Guid(5dd3818b2ab8f664aa42007e0f6decb6) Importer(815301076,1909f56bfc062723c751e8b465ee728b)
Start importing Assets/Srudent Game-UI/Slices/setting screen/s (1).png using Guid(5dd3818b2ab8f664aa42007e0f6decb6) Importer(815301076,1909f56bfc062723c751e8b465ee728b)  -> (artifact id: '3dbf3515ec53bb1f8450d9f628cd3b69') in 0.033897 seconds 
========================================================================
Received Import Request.
  Time since last request: 0.000023 seconds.
  path: Assets/Srudent Game-UI/Slices/setting screen/s (3).png
  artifactKey: Guid(4808c613e03db5343883a02c3cc75366) Importer(815301076,1909f56bfc062723c751e8b465ee728b)
Start importing Assets/Srudent Game-UI/Slices/setting screen/s (3).png using Guid(4808c613e03db5343883a02c3cc75366) Importer(815301076,1909f56bfc062723c751e8b465ee728b)  -> (artifact id: '35f792293e8c8e01512b1e7e768a5c9a') in 0.035683 seconds 
========================================================================
Received Import Request.
  Time since last request: 0.000036 seconds.
  path: Assets/Srudent Game-UI/Slices/setting screen/s (6).png
  artifactKey: Guid(3eab61f4fdc76024798ec65df12b97a8) Importer(815301076,1909f56bfc062723c751e8b465ee728b)
Start importing Assets/Srudent Game-UI/Slices/setting screen/s (6).png using Guid(3eab61f4fdc76024798ec65df12b97a8) Importer(815301076,1909f56bfc062723c751e8b465ee728b)  -> (artifact id: 'a6eb4d2cefcb8c72797998730d06f52d') in 0.042478 seconds 
========================================================================
Received Import Request.
  Time since last request: 0.000061 seconds.
  path: Assets/Srudent Game-UI/Slices/setting screen/s (5).png
  artifactKey: Guid(81964e7c203964a4bbb845979b0a0346) Importer(815301076,1909f56bfc062723c751e8b465ee728b)
Start importing Assets/Srudent Game-UI/Slices/setting screen/s (5).png using Guid(81964e7c203964a4bbb845979b0a0346) Importer(815301076,1909f56bfc062723c751e8b465ee728b)  -> (artifact id: '1c9440cfc5f34374d78ed3a812a4b891') in 0.033811 seconds 
========================================================================
Received Import Request.
  Time since last request: 1.908640 seconds.
  path: Assets/Srudent Game-UI/Slices/Shop screen
  artifactKey: Guid(f09ebceb54a13cc4aa135b4bfeb31134) Importer(815301076,1909f56bfc062723c751e8b465ee728b)
Start importing Assets/Srudent Game-UI/Slices/Shop screen using Guid(f09ebceb54a13cc4aa135b4bfeb31134) Importer(815301076,1909f56bfc062723c751e8b465ee728b)  -> (artifact id: '84018e240eb06bf581dad01a2a5022ab') in 0.014406 seconds 
========================================================================
Received Import Request.
  Time since last request: 0.042925 seconds.
  path: Assets/Srudent Game-UI/Slices/Shop screen/back.png
  artifactKey: Guid(52a5a7e7498733942837ad298b66d87d) Importer(815301076,1909f56bfc062723c751e8b465ee728b)
Start importing Assets/Srudent Game-UI/Slices/Shop screen/back.png using Guid(52a5a7e7498733942837ad298b66d87d) Importer(815301076,1909f56bfc062723c751e8b465ee728b)  -> (artifact id: '953df7d3db9c5bdf12c7f46b3ff34ff7') in 0.053276 seconds 
========================================================================
Received Import Request.
  Time since last request: 0.000094 seconds.
  path: Assets/Srudent Game-UI/Slices/Shop screen/Shop (8).png
  artifactKey: Guid(3161226850f7f2043bbc2d32f1353a02) Importer(815301076,1909f56bfc062723c751e8b465ee728b)
Start importing Assets/Srudent Game-UI/Slices/Shop screen/Shop (8).png using Guid(3161226850f7f2043bbc2d32f1353a02) Importer(815301076,1909f56bfc062723c751e8b465ee728b)  -> (artifact id: '2ba3bfcd680f2cf5272e1e57ef330b5b') in 0.047165 seconds 
========================================================================
Received Import Request.
  Time since last request: 0.000036 seconds.
  path: Assets/Srudent Game-UI/Slices/Shop screen/Shop (9).png
  artifactKey: Guid(56cd92d7a8313384cb8bf1995bc26bd0) Importer(815301076,1909f56bfc062723c751e8b465ee728b)
Start importing Assets/Srudent Game-UI/Slices/Shop screen/Shop (9).png using Guid(56cd92d7a8313384cb8bf1995bc26bd0) Importer(815301076,1909f56bfc062723c751e8b465ee728b)  -> (artifact id: '2ae874e26a4562f6958f502e3c6d94d3') in 0.041884 seconds 
========================================================================
Received Import Request.
  Time since last request: 0.000046 seconds.
  path: Assets/Srudent Game-UI/Slices/Shop screen/Shop (6).png
  artifactKey: Guid(f1d35e85d0930c64896107123d5e5d83) Importer(815301076,1909f56bfc062723c751e8b465ee728b)
Start importing Assets/Srudent Game-UI/Slices/Shop screen/Shop (6).png using Guid(f1d35e85d0930c64896107123d5e5d83) Importer(815301076,1909f56bfc062723c751e8b465ee728b)  -> (artifact id: 'a4024aafb5f9f39ebba79f01655e4a07') in 0.044162 seconds 
========================================================================
Received Import Request.
  Time since last request: 0.000033 seconds.
  path: Assets/Srudent Game-UI/Slices/Shop screen/Shop (3).png
  artifactKey: Guid(fd9a9075c20a1f645847b84147c731ed) Importer(815301076,1909f56bfc062723c751e8b465ee728b)
Start importing Assets/Srudent Game-UI/Slices/Shop screen/Shop (3).png using Guid(fd9a9075c20a1f645847b84147c731ed) Importer(815301076,1909f56bfc062723c751e8b465ee728b)  -> (artifact id: 'b54c902ff543ea41e82f1160353e14f6') in 0.042649 seconds 
========================================================================
Received Import Request.
  Time since last request: 5.504706 seconds.
  path: Assets/Srudent Game-UI/Slices/loading screen
  artifactKey: Guid(d23879b8866ec39428d9d72b34238691) Importer(815301076,1909f56bfc062723c751e8b465ee728b)
Start importing Assets/Srudent Game-UI/Slices/loading screen using Guid(d23879b8866ec39428d9d72b34238691) Importer(815301076,1909f56bfc062723c751e8b465ee728b)  -> (artifact id: '4e88631feebc26b4900c0b0f9460313f') in 0.017804 seconds 
========================================================================
Received Import Request.
  Time since last request: 0.050453 seconds.
  path: Assets/Srudent Game-UI/Slices/loading screen/main screen (1).jpg
  artifactKey: Guid(577c316f398cd4147bb31445b81fadbb) Importer(815301076,1909f56bfc062723c751e8b465ee728b)
Start importing Assets/Srudent Game-UI/Slices/loading screen/main screen (1).jpg using Guid(577c316f398cd4147bb31445b81fadbb) Importer(815301076,1909f56bfc062723c751e8b465ee728b)  -> (artifact id: '71309edfda027c6e6b0e048b827df775') in 0.053719 seconds 
========================================================================
Received Import Request.
  Time since last request: 0.000030 seconds.
  path: Assets/Srudent Game-UI/Slices/loading screen/main screen (4).png
  artifactKey: Guid(905d03b3af2696d489af99572e5418dd) Importer(815301076,1909f56bfc062723c751e8b465ee728b)
Start importing Assets/Srudent Game-UI/Slices/loading screen/main screen (4).png using Guid(905d03b3af2696d489af99572e5418dd) Importer(815301076,1909f56bfc062723c751e8b465ee728b)  -> (artifact id: '5f6e1ec533d40d2abe5a048fe7d0e262') in 0.039607 seconds 
========================================================================
Received Import Request.
  Time since last request: 0.000039 seconds.
  path: Assets/Srudent Game-UI/Slices/loading screen/main screen (2).png
  artifactKey: Guid(9ab6ca6022fbd2548859bfab28f646f6) Importer(815301076,1909f56bfc062723c751e8b465ee728b)
Start importing Assets/Srudent Game-UI/Slices/loading screen/main screen (2).png using Guid(9ab6ca6022fbd2548859bfab28f646f6) Importer(815301076,1909f56bfc062723c751e8b465ee728b)  -> (artifact id: 'a4ca6f34ab18f9b837f92f01ef22d2dd') in 0.040221 seconds 
========================================================================
Received Import Request.
  Time since last request: 9.322567 seconds.
  path: Assets/Srudent Game-UI/Slices/loading screen/main screen (1).jpg
  artifactKey: Guid(577c316f398cd4147bb31445b81fadbb) Importer(815301076,1909f56bfc062723c751e8b465ee728b)
Start importing Assets/Srudent Game-UI/Slices/loading screen/main screen (1).jpg using Guid(577c316f398cd4147bb31445b81fadbb) Importer(815301076,1909f56bfc062723c751e8b465ee728b)  -> (artifact id: '79e6e9fa83ad8397b0d6a7a1b36903e5') in 0.302778 seconds 
========================================================================
Received Import Request.
  Time since last request: 0.000035 seconds.
  path: Assets/Srudent Game-UI/Slices/loading screen/main screen (5).png
  artifactKey: Guid(a68eed8c5b56aca4fb63f74659b4509a) Importer(815301076,1909f56bfc062723c751e8b465ee728b)
Start importing Assets/Srudent Game-UI/Slices/loading screen/main screen (5).png using Guid(a68eed8c5b56aca4fb63f74659b4509a) Importer(815301076,1909f56bfc062723c751e8b465ee728b)  -> (artifact id: 'd31d673629672275c0066bbd1b6b5497') in 0.043581 seconds 
========================================================================
Received Import Request.
  Time since last request: 224.142916 seconds.
  path: Assets
  artifactKey: Guid(00000000000000001000000000000000) Importer(815301076,1909f56bfc062723c751e8b465ee728b)
Start importing Assets using Guid(00000000000000001000000000000000) Importer(815301076,1909f56bfc062723c751e8b465ee728b)  -> (artifact id: '79842766b460edbeab6a34051e857a80') in 0.019883 seconds 
========================================================================
Received Import Request.
  Time since last request: 8.730584 seconds.
  path: Assets/Editor
  artifactKey: Guid(c6064be87b2118b4983507e934faa1a9) Importer(815301076,1909f56bfc062723c751e8b465ee728b)
Start importing Assets/Editor using Guid(c6064be87b2118b4983507e934faa1a9) Importer(815301076,1909f56bfc062723c751e8b465ee728b)  -> (artifact id: '90abda8e15f66bc9e0f2088937c604a1') in 0.013669 seconds 
========================================================================
Received Prepare
Registering precompiled user dll's ...
Registered in 0.007459 seconds.
Begin MonoManager ReloadAssembly
Symbol file LoadedFromMemory doesn't match image C:\Users\HP\Downloads\Compressed\Tower-Defense-Tutorial-master\Tower-Defense-Tutorial-master\Tower Defense Unity Project\Library\PackageCache\com.unity.visualscripting@1.7.8\Editor\VisualScripting.Core\Dependencies\YamlDotNet\Unity.VisualScripting.YamlDotNet.dll
Symbol file LoadedFromMemory doesn't match image C:\Users\HP\Downloads\Compressed\Tower-Defense-Tutorial-master\Tower-Defense-Tutorial-master\Tower Defense Unity Project\Library\PackageCache\com.unity.visualscripting@1.7.8\Editor\VisualScripting.Core\Dependencies\DotNetZip\Unity.VisualScripting.IonicZip.dll
Native extension for WindowsStandalone target not found
Native extension for Android target not found
Native extension for WebGL target not found
Refreshing native plugins compatible for Editor in 0.79 ms, found 3 plugins.
Preloading 0 native plugins for Editor in 0.00 ms.
Mono: successfully reloaded assembly
- Completed reload, in  1.333 seconds
Domain Reload Profiling:
	ReloadAssembly (1334ms)
		BeginReloadAssembly (210ms)
			ExecutionOrderSort (0ms)
			DisableScriptedObjects (7ms)
			BackupInstance (0ms)
			ReleaseScriptingObjects (0ms)
			CreateAndSetChildDomain (54ms)
		EndReloadAssembly (960ms)
			LoadAssemblies (154ms)
			RebuildTransferFunctionScriptingTraits (0ms)
			SetupTypeCache (340ms)
			ReleaseScriptCaches (1ms)
			RebuildScriptCaches (49ms)
			SetupLoadedEditorAssemblies (405ms)
				LogAssemblyErrors (0ms)
				InitializePlatformSupportModulesInManaged (30ms)
				SetLoadedEditorAssemblies (1ms)
				RefreshPlugins (1ms)
				BeforeProcessingInitializeOnLoad (80ms)
				ProcessInitializeOnLoadAttributes (249ms)
				ProcessInitializeOnLoadMethodAttributes (35ms)
				AfterProcessingInitializeOnLoad (10ms)
				EditorAssembliesLoaded (0ms)
			ExecutionOrderSort2 (0ms)
			AwakeInstancesAfterBackupRestoration (9ms)
Platform modules already initialized, skipping
Refreshing native plugins compatible for Editor in 3.09 ms, found 3 plugins.
Preloading 0 native plugins for Editor in 0.00 ms.
Unloading 3266 Unused Serialized files (Serialized files now loaded: 0)
Unloading 17 unused Assets / (24.5 KB). Loaded Objects now: 3789.
Memory consumption went from 117.9 MB to 117.9 MB.
Total: 3.730400 ms (FindLiveObjects: 0.342000 ms CreateObjectMapping: 0.202900 ms MarkObjects: 3.154400 ms  DeleteObjects: 0.029700 ms)

AssetImportParameters requested are different than current active one (requested -> active):
  custom:video-decoder-ogg-theora: a1e56fd34408186e4bbccfd4996cb3dc -> 
  custom:container-muxer-webm: aa71ff27fc2769a1b78a27578f13a17b -> 
  custom:container-demuxer-webm: 4f35f7cbe854078d1ac9338744f61a02 -> 
  custom:video-encoder-webm-vp8: eb34c28f22e8b96e1ab97ce403110664 -> 
  custom:audio-encoder-webm-vorbis: bf7c407c2cedff20999df2af8eb42d56 -> 
  custom:framework-win-MediaFoundation: 216162199b28c13a410421893ffa2e32 -> 
  custom:container-demuxer-ogg: 62fdf1f143b41e24485cea50d1cbac27 -> 
  custom:video-decoder-webm-vp8: 9c59270c3fd7afecdb556c50c9e8de78 -> 
  custom:audio-decoder-ogg-vorbis: bf7c407c2cedff20999df2af8eb42d56 -> 
========================================================================
Received Import Request.
  Time since last request: 2536.513787 seconds.
  path: Assets/Srudent Game-UI/Slices/Shop screen/back.png
  artifactKey: Guid(52a5a7e7498733942837ad298b66d87d) Importer(815301076,1909f56bfc062723c751e8b465ee728b)
Start importing Assets/Srudent Game-UI/Slices/Shop screen/back.png using Guid(52a5a7e7498733942837ad298b66d87d) Importer(815301076,1909f56bfc062723c751e8b465ee728b)  -> (artifact id: '24dc2fcb5818a1e8a5f557f9a37d06d6') in 0.363093 seconds 
========================================================================
Received Import Request.
  Time since last request: 0.000076 seconds.
  path: Assets/Srudent Game-UI/Slices/Shop screen/Shop (9).png
  artifactKey: Guid(56cd92d7a8313384cb8bf1995bc26bd0) Importer(815301076,1909f56bfc062723c751e8b465ee728b)
Start importing Assets/Srudent Game-UI/Slices/Shop screen/Shop (9).png using Guid(56cd92d7a8313384cb8bf1995bc26bd0) Importer(815301076,1909f56bfc062723c751e8b465ee728b)  -> (artifact id: 'c6b0bdcc4f071d7c3b6a7f2fcf7abf0b') in 0.045303 seconds 
========================================================================
Received Import Request.
  Time since last request: 0.000033 seconds.
  path: Assets/Srudent Game-UI/Slices/Shop screen/Shop (6).png
  artifactKey: Guid(f1d35e85d0930c64896107123d5e5d83) Importer(815301076,1909f56bfc062723c751e8b465ee728b)
Start importing Assets/Srudent Game-UI/Slices/Shop screen/Shop (6).png using Guid(f1d35e85d0930c64896107123d5e5d83) Importer(815301076,1909f56bfc062723c751e8b465ee728b)  -> (artifact id: 'f6499e5f336c56024e7f6c110d28f7b5') in 0.039196 seconds 
========================================================================
Received Import Request.
  Time since last request: 0.000025 seconds.
  path: Assets/Srudent Game-UI/Slices/Shop screen/Shop (3).png
  artifactKey: Guid(fd9a9075c20a1f645847b84147c731ed) Importer(815301076,1909f56bfc062723c751e8b465ee728b)
Start importing Assets/Srudent Game-UI/Slices/Shop screen/Shop (3).png using Guid(fd9a9075c20a1f645847b84147c731ed) Importer(815301076,1909f56bfc062723c751e8b465ee728b)  -> (artifact id: '7ac16800306b074e372c5a87d11b6baa') in 0.053062 seconds 
