Using pre-set license
Built from '2021.3/staging' branch; Version is '2021.3.6f1 (7da38d85baf6) revision 8233869'; Using compiler version '192829333'; Build Type 'Release'
OS: 'Windows 10  (10.0.19045) 64bit Core' Language: 'en' Physical Memory: 16273 MB
BatchMode: 1, IsHumanControllingUs: 0, StartBugReporterOnCrash: 0, Is64bit: 1, IsPro: 1

COMMAND LINE ARGUMENTS:
C:\Program Files\Unity\Hub\Editor\2021.3.6f1\Editor\Unity.exe
-adb2
-batchMode
-noUpm
-name
AssetImportWorker2
-projectPath
C:/Users/HP/Documents/GitHub/Towerdefense/Tower Defense
-logFile
Logs/AssetImportWorker2.log
-srvPort
65001
Successfully changed project path to: C:/Users/HP/Documents/GitHub/Towerdefense/Tower Defense
C:/Users/HP/Documents/GitHub/Towerdefense/Tower Defense
[UnityMemory] Configuration Parameters - Can be set up in boot.config
    "memorysetup-bucket-allocator-granularity=16"
    "memorysetup-bucket-allocator-bucket-count=8"
    "memorysetup-bucket-allocator-block-size=33554432"
    "memorysetup-bucket-allocator-block-count=8"
    "memorysetup-main-allocator-block-size=16777216"
    "memorysetup-thread-allocator-block-size=16777216"
    "memorysetup-gfx-main-allocator-block-size=16777216"
    "memorysetup-gfx-thread-allocator-block-size=16777216"
    "memorysetup-cache-allocator-block-size=4194304"
    "memorysetup-typetree-allocator-block-size=2097152"
    "memorysetup-profiler-bucket-allocator-granularity=16"
    "memorysetup-profiler-bucket-allocator-bucket-count=8"
    "memorysetup-profiler-bucket-allocator-block-size=33554432"
    "memorysetup-profiler-bucket-allocator-block-count=8"
    "memorysetup-profiler-allocator-block-size=16777216"
    "memorysetup-profiler-editor-allocator-block-size=1048576"
    "memorysetup-temp-allocator-size-main=16777216"
    "memorysetup-job-temp-allocator-block-size=2097152"
    "memorysetup-job-temp-allocator-block-size-background=1048576"
    "memorysetup-job-temp-allocator-reduction-small-platforms=262144"
    "memorysetup-temp-allocator-size-background-worker=32768"
    "memorysetup-temp-allocator-size-job-worker=262144"
    "memorysetup-temp-allocator-size-preload-manager=33554432"
    "memorysetup-temp-allocator-size-nav-mesh-worker=65536"
    "memorysetup-temp-allocator-size-audio-worker=65536"
    "memorysetup-temp-allocator-size-cloud-worker=32768"
    "memorysetup-temp-allocator-size-gi-baking-worker=262144"
    "memorysetup-temp-allocator-size-gfx=262144"
Refreshing native plugins compatible for Editor in 135.63 ms, found 3 plugins.
Preloading 0 native plugins for Editor in 0.00 ms.
Initialize engine version: 2021.3.6f1 (7da38d85baf6)
[Subsystems] Discovering subsystems at path C:/Program Files/Unity/Hub/Editor/2021.3.6f1/Editor/Data/Resources/UnitySubsystems
[Subsystems] Discovering subsystems at path C:/Users/HP/Documents/GitHub/Towerdefense/Tower Defense/Assets
GfxDevice: creating device client; threaded=0; jobified=0
Direct3D:
    Version:  Direct3D 11.0 [level 11.1]
    Renderer: NVIDIA GeForce GTX 965M (ID=0x1427)
    Vendor:   NVIDIA
    VRAM:     4053 MB
    Driver:   30.0.14.7219
Initialize mono
Mono path[0] = 'C:/Program Files/Unity/Hub/Editor/2021.3.6f1/Editor/Data/Managed'
Mono path[1] = 'C:/Program Files/Unity/Hub/Editor/2021.3.6f1/Editor/Data/MonoBleedingEdge/lib/mono/unityjit-win32'
Mono config path = 'C:/Program Files/Unity/Hub/Editor/2021.3.6f1/Editor/Data/MonoBleedingEdge/etc'
Using monoOptions --debugger-agent=transport=dt_socket,embedding=1,server=y,suspend=n,address=127.0.0.1:56824
Begin MonoManager ReloadAssembly
Registering precompiled unity dll's ...
Register platform support module: C:/Program Files/Unity/Hub/Editor/2021.3.6f1/Editor/Data/PlaybackEngines/WebGLSupport/UnityEditor.WebGL.Extensions.dll
Register platform support module: C:/Program Files/Unity/Hub/Editor/2021.3.6f1/Editor/Data/PlaybackEngines/AndroidPlayer/UnityEditor.Android.Extensions.dll
Register platform support module: C:/Program Files/Unity/Hub/Editor/2021.3.6f1/Editor/Data/PlaybackEngines/WindowsStandaloneSupport/UnityEditor.WindowsStandalone.Extensions.dll
Registered in 0.013548 seconds.
Native extension for WindowsStandalone target not found
Native extension for Android target not found
Native extension for WebGL target not found
Refreshing native plugins compatible for Editor in 127.31 ms, found 3 plugins.
Preloading 0 native plugins for Editor in 0.00 ms.
Mono: successfully reloaded assembly
- Completed reload, in  0.978 seconds
Domain Reload Profiling:
	ReloadAssembly (979ms)
		BeginReloadAssembly (110ms)
			ExecutionOrderSort (0ms)
			DisableScriptedObjects (0ms)
			BackupInstance (0ms)
			ReleaseScriptingObjects (0ms)
			CreateAndSetChildDomain (1ms)
		EndReloadAssembly (687ms)
			LoadAssemblies (107ms)
			RebuildTransferFunctionScriptingTraits (0ms)
			SetupTypeCache (158ms)
			ReleaseScriptCaches (0ms)
			RebuildScriptCaches (42ms)
			SetupLoadedEditorAssemblies (413ms)
				LogAssemblyErrors (0ms)
				InitializePlatformSupportModulesInManaged (80ms)
				SetLoadedEditorAssemblies (0ms)
				RefreshPlugins (127ms)
				BeforeProcessingInitializeOnLoad (2ms)
				ProcessInitializeOnLoadAttributes (138ms)
				ProcessInitializeOnLoadMethodAttributes (66ms)
				AfterProcessingInitializeOnLoad (0ms)
				EditorAssembliesLoaded (0ms)
			ExecutionOrderSort2 (0ms)
			AwakeInstancesAfterBackupRestoration (0ms)
Platform modules already initialized, skipping
Registering precompiled user dll's ...
Registered in 0.008091 seconds.
Android Extension - Scanning For ADB Devices 5144 ms
Begin MonoManager ReloadAssembly
Symbol file LoadedFromMemory doesn't match image C:\Users\HP\Documents\GitHub\Towerdefense\Tower Defense\Library\PackageCache\com.unity.visualscripting@1.7.8\Editor\VisualScripting.Core\Dependencies\YamlDotNet\Unity.VisualScripting.YamlDotNet.dll
Symbol file LoadedFromMemory doesn't match image C:\Users\HP\Documents\GitHub\Towerdefense\Tower Defense\Library\PackageCache\com.unity.visualscripting@1.7.8\Editor\VisualScripting.Core\Dependencies\DotNetZip\Unity.VisualScripting.IonicZip.dll
Native extension for WindowsStandalone target not found
Native extension for Android target not found
Native extension for WebGL target not found
Refreshing native plugins compatible for Editor in 0.87 ms, found 3 plugins.
Preloading 0 native plugins for Editor in 0.00 ms.
Mono: successfully reloaded assembly
- Completed reload, in  7.875 seconds
Domain Reload Profiling:
	ReloadAssembly (7876ms)
		BeginReloadAssembly (173ms)
			ExecutionOrderSort (0ms)
			DisableScriptedObjects (8ms)
			BackupInstance (0ms)
			ReleaseScriptingObjects (0ms)
			CreateAndSetChildDomain (31ms)
		EndReloadAssembly (7463ms)
			LoadAssemblies (3949ms)
			RebuildTransferFunctionScriptingTraits (0ms)
			SetupTypeCache (1247ms)
			ReleaseScriptCaches (1ms)
			RebuildScriptCaches (65ms)
			SetupLoadedEditorAssemblies (2168ms)
				LogAssemblyErrors (0ms)
				InitializePlatformSupportModulesInManaged (22ms)
				SetLoadedEditorAssemblies (1ms)
				RefreshPlugins (1ms)
				BeforeProcessingInitializeOnLoad (111ms)
				ProcessInitializeOnLoadAttributes (598ms)
				ProcessInitializeOnLoadMethodAttributes (1423ms)
				AfterProcessingInitializeOnLoad (11ms)
				EditorAssembliesLoaded (0ms)
			ExecutionOrderSort2 (0ms)
			AwakeInstancesAfterBackupRestoration (9ms)
Platform modules already initialized, skipping
========================================================================
Worker process is ready to serve import requests
Launched and connected shader compiler UnityShaderCompiler.exe after 0.13 seconds
Refreshing native plugins compatible for Editor in 2.49 ms, found 3 plugins.
Preloading 0 native plugins for Editor in 0.00 ms.
Unloading 3286 Unused Serialized files (Serialized files now loaded: 0)
Unloading 24 unused Assets / (55.3 KB). Loaded Objects now: 3755.
Memory consumption went from 115.8 MB to 115.8 MB.
Total: 15.384800 ms (FindLiveObjects: 0.592700 ms CreateObjectMapping: 3.615000 ms MarkObjects: 10.937400 ms  DeleteObjects: 0.237400 ms)

AssetImportParameters requested are different than current active one (requested -> active):
  custom:video-decoder-ogg-theora: a1e56fd34408186e4bbccfd4996cb3dc -> 
  custom:container-muxer-webm: aa71ff27fc2769a1b78a27578f13a17b -> 
  custom:container-demuxer-webm: 4f35f7cbe854078d1ac9338744f61a02 -> 
  custom:video-encoder-webm-vp8: eb34c28f22e8b96e1ab97ce403110664 -> 
  custom:audio-encoder-webm-vorbis: bf7c407c2cedff20999df2af8eb42d56 -> 
  custom:framework-win-MediaFoundation: 216162199b28c13a410421893ffa2e32 -> 
  custom:container-demuxer-ogg: 62fdf1f143b41e24485cea50d1cbac27 -> 
  custom:video-decoder-webm-vp8: 9c59270c3fd7afecdb556c50c9e8de78 -> 
  custom:audio-decoder-ogg-vorbis: bf7c407c2cedff20999df2af8eb42d56 -> 
========================================================================
Received Import Request.
  Time since last request: 803103.665020 seconds.
  path: Assets/3dmodels/enemy/troll/v2Troll_Animated.fbx
  artifactKey: Guid(236ffd7777c11c44ead6e8d9f8c1e9d8) Importer(815301076,1909f56bfc062723c751e8b465ee728b)
Start importing Assets/3dmodels/enemy/troll/v2Troll_Animated.fbx using Guid(236ffd7777c11c44ead6e8d9f8c1e9d8) Importer(815301076,1909f56bfc062723c751e8b465ee728b)  -> (artifact id: 'de3015a7650201250249bdb2ea24170c') in 0.388966 seconds 
========================================================================
Received Import Request.
  Time since last request: 9.101904 seconds.
  path: Assets/3dmodels/enemy/troll/v2Troll_Animated.fbx
  artifactKey: Guid(236ffd7777c11c44ead6e8d9f8c1e9d8) Importer(815301076,1909f56bfc062723c751e8b465ee728b)
Start importing Assets/3dmodels/enemy/troll/v2Troll_Animated.fbx using Guid(236ffd7777c11c44ead6e8d9f8c1e9d8) Importer(815301076,1909f56bfc062723c751e8b465ee728b)  -> (artifact id: '2a4444e6984660b80efa9d857a81d83a') in 0.121599 seconds 
========================================================================
Received Import Request.
  Time since last request: 8.818871 seconds.
  path: Assets/3dmodels/enemy/troll/Troll_Textures
  artifactKey: Guid(47823d193407fe44d9467f4e075ee7a0) Importer(815301076,1909f56bfc062723c751e8b465ee728b)
Start importing Assets/3dmodels/enemy/troll/Troll_Textures using Guid(47823d193407fe44d9467f4e075ee7a0) Importer(815301076,1909f56bfc062723c751e8b465ee728b)  -> (artifact id: '6f979841ccfd0eef10c086eb87da04d7') in 0.024573 seconds 
========================================================================
Received Import Request.
  Time since last request: 0.030419 seconds.
  path: Assets/3dmodels/enemy/troll/Troll_Textures/club.mat
  artifactKey: Guid(3ae3f55b339459f4a901b62d1b0df60a) Importer(815301076,1909f56bfc062723c751e8b465ee728b)
Start importing Assets/3dmodels/enemy/troll/Troll_Textures/club.mat using Guid(3ae3f55b339459f4a901b62d1b0df60a) Importer(815301076,1909f56bfc062723c751e8b465ee728b)  -> (artifact id: 'ab16fe7c0f589c52b7a0c752e9d61587') in 0.048847 seconds 
========================================================================
Received Import Request.
  Time since last request: 0.000055 seconds.
  path: Assets/3dmodels/enemy/troll/Troll_Textures/eyes.001.mat
  artifactKey: Guid(86c24f5598c9f67408e93cab4d933db9) Importer(815301076,1909f56bfc062723c751e8b465ee728b)
Start importing Assets/3dmodels/enemy/troll/Troll_Textures/eyes.001.mat using Guid(86c24f5598c9f67408e93cab4d933db9) Importer(815301076,1909f56bfc062723c751e8b465ee728b)  -> (artifact id: 'baffb228c90fbcbde275a7500eae22a9') in 0.035399 seconds 
========================================================================
Received Import Request.
  Time since last request: 0.000039 seconds.
  path: Assets/3dmodels/enemy/troll/Troll_Textures/Pants_norm.tif
  artifactKey: Guid(0abbcea166caa8542aab7904d71a85b3) Importer(815301076,1909f56bfc062723c751e8b465ee728b)
Start importing Assets/3dmodels/enemy/troll/Troll_Textures/Pants_norm.tif using Guid(0abbcea166caa8542aab7904d71a85b3) Importer(815301076,1909f56bfc062723c751e8b465ee728b)  -> (artifact id: '3776ce6689d90bbf4bace13827a820c9') in 0.063317 seconds 
========================================================================
Received Import Request.
  Time since last request: 0.000025 seconds.
  path: Assets/3dmodels/enemy/troll/Troll_Textures/pants.002.mat
  artifactKey: Guid(4ae6922e6851a584797e0cf77ded7a5b) Importer(815301076,1909f56bfc062723c751e8b465ee728b)
Start importing Assets/3dmodels/enemy/troll/Troll_Textures/pants.002.mat using Guid(4ae6922e6851a584797e0cf77ded7a5b) Importer(815301076,1909f56bfc062723c751e8b465ee728b)  -> (artifact id: '5f7fbcd19bf8412d6241441dae4dbf32') in 0.039762 seconds 
========================================================================
Received Import Request.
  Time since last request: 0.000028 seconds.
  path: Assets/3dmodels/enemy/troll/Troll_Textures/eyess1.png
  artifactKey: Guid(ef7b7f3bdf560c74bafac94a826e7017) Importer(815301076,1909f56bfc062723c751e8b465ee728b)
Start importing Assets/3dmodels/enemy/troll/Troll_Textures/eyess1.png using Guid(ef7b7f3bdf560c74bafac94a826e7017) Importer(815301076,1909f56bfc062723c751e8b465ee728b)  -> (artifact id: 'c2596221a761e87370b6bdb483a3b3ad') in 0.044846 seconds 
========================================================================
Received Import Request.
  Time since last request: 607.845511 seconds.
  path: Assets/3dmodels/enemy/goblin/New Animator Controller.controller
  artifactKey: Guid(29cffea8e15ab0448ad4eb78888d2305) Importer(815301076,1909f56bfc062723c751e8b465ee728b)
Start importing Assets/3dmodels/enemy/goblin/New Animator Controller.controller using Guid(29cffea8e15ab0448ad4eb78888d2305) Importer(815301076,1909f56bfc062723c751e8b465ee728b)  -> (artifact id: '276a51ffa1091d9a6cb3275d5b7661f5') in 0.071292 seconds 
========================================================================
Received Import Request.
  Time since last request: 12.372519 seconds.
  path: Assets/3dmodels/enemy/goblin/goblin.controller
  artifactKey: Guid(29cffea8e15ab0448ad4eb78888d2305) Importer(815301076,1909f56bfc062723c751e8b465ee728b)
Start importing Assets/3dmodels/enemy/goblin/goblin.controller using Guid(29cffea8e15ab0448ad4eb78888d2305) Importer(815301076,1909f56bfc062723c751e8b465ee728b)  -> (artifact id: '2641eaff5a349891f54776114057b580') in 0.025764 seconds 
========================================================================
Received Import Request.
  Time since last request: 3.912154 seconds.
  path: Assets/3dmodels/enemy/troll
  artifactKey: Guid(9bf08cb5953e52446b840dc8247b0f0b) Importer(815301076,1909f56bfc062723c751e8b465ee728b)
Start importing Assets/3dmodels/enemy/troll using Guid(9bf08cb5953e52446b840dc8247b0f0b) Importer(815301076,1909f56bfc062723c751e8b465ee728b)  -> (artifact id: 'e8cae1e2952d1d79451d78c905492934') in 0.019377 seconds 
========================================================================
Received Import Request.
  Time since last request: 82.719381 seconds.
  path: Assets/3dmodels/enemy/troll/troll.controller
  artifactKey: Guid(bcbb5fd41956ee04ea15de35beb545b6) Importer(815301076,1909f56bfc062723c751e8b465ee728b)
Start importing Assets/3dmodels/enemy/troll/troll.controller using Guid(bcbb5fd41956ee04ea15de35beb545b6) Importer(815301076,1909f56bfc062723c751e8b465ee728b)  -> (artifact id: 'ee9a5138d343b6417f207716081abd45') in 0.003839 seconds 
========================================================================
Received Prepare
Registering precompiled user dll's ...
Registered in 0.009236 seconds.
Begin MonoManager ReloadAssembly
Symbol file LoadedFromMemory doesn't match image C:\Users\HP\Documents\GitHub\Towerdefense\Tower Defense\Library\PackageCache\com.unity.visualscripting@1.7.8\Editor\VisualScripting.Core\Dependencies\YamlDotNet\Unity.VisualScripting.YamlDotNet.dll
Symbol file LoadedFromMemory doesn't match image C:\Users\HP\Documents\GitHub\Towerdefense\Tower Defense\Library\PackageCache\com.unity.visualscripting@1.7.8\Editor\VisualScripting.Core\Dependencies\DotNetZip\Unity.VisualScripting.IonicZip.dll
Native extension for WindowsStandalone target not found
Native extension for Android target not found
Native extension for WebGL target not found
Refreshing native plugins compatible for Editor in 1.03 ms, found 3 plugins.
Preloading 0 native plugins for Editor in 0.00 ms.
Mono: successfully reloaded assembly
- Completed reload, in  1.741 seconds
Domain Reload Profiling:
	ReloadAssembly (1743ms)
		BeginReloadAssembly (217ms)
			ExecutionOrderSort (0ms)
			DisableScriptedObjects (9ms)
			BackupInstance (0ms)
			ReleaseScriptingObjects (0ms)
			CreateAndSetChildDomain (57ms)
		EndReloadAssembly (1388ms)
			LoadAssemblies (146ms)
			RebuildTransferFunctionScriptingTraits (0ms)
			SetupTypeCache (367ms)
			ReleaseScriptCaches (1ms)
			RebuildScriptCaches (56ms)
			SetupLoadedEditorAssemblies (737ms)
				LogAssemblyErrors (0ms)
				InitializePlatformSupportModulesInManaged (52ms)
				SetLoadedEditorAssemblies (1ms)
				RefreshPlugins (1ms)
				BeforeProcessingInitializeOnLoad (126ms)
				ProcessInitializeOnLoadAttributes (481ms)
				ProcessInitializeOnLoadMethodAttributes (58ms)
				AfterProcessingInitializeOnLoad (18ms)
				EditorAssembliesLoaded (0ms)
			ExecutionOrderSort2 (0ms)
			AwakeInstancesAfterBackupRestoration (16ms)
Platform modules already initialized, skipping
Refreshing native plugins compatible for Editor in 2.91 ms, found 3 plugins.
Preloading 0 native plugins for Editor in 0.00 ms.
Unloading 3280 Unused Serialized files (Serialized files now loaded: 0)
Unloading 17 unused Assets / (24.6 KB). Loaded Objects now: 3801.
Memory consumption went from 120.3 MB to 120.3 MB.
Total: 5.871100 ms (FindLiveObjects: 0.779600 ms CreateObjectMapping: 0.453500 ms MarkObjects: 4.603900 ms  DeleteObjects: 0.032200 ms)

AssetImportParameters requested are different than current active one (requested -> active):
  custom:video-decoder-ogg-theora: a1e56fd34408186e4bbccfd4996cb3dc -> 
  custom:container-muxer-webm: aa71ff27fc2769a1b78a27578f13a17b -> 
  custom:container-demuxer-webm: 4f35f7cbe854078d1ac9338744f61a02 -> 
  custom:video-encoder-webm-vp8: eb34c28f22e8b96e1ab97ce403110664 -> 
  custom:audio-encoder-webm-vorbis: bf7c407c2cedff20999df2af8eb42d56 -> 
  custom:framework-win-MediaFoundation: 216162199b28c13a410421893ffa2e32 -> 
  custom:container-demuxer-ogg: 62fdf1f143b41e24485cea50d1cbac27 -> 
  custom:video-decoder-webm-vp8: 9c59270c3fd7afecdb556c50c9e8de78 -> 
  custom:audio-decoder-ogg-vorbis: bf7c407c2cedff20999df2af8eb42d56 -> 
========================================================================
Received Import Request.
  Time since last request: 77.633458 seconds.
  path: Assets/Prefabs/LaserBeamer.prefab
  artifactKey: Guid(c51804966ab0f8544b70b0e9dcae1623) Importer(815301076,1909f56bfc062723c751e8b465ee728b)
Start importing Assets/Prefabs/LaserBeamer.prefab using Guid(c51804966ab0f8544b70b0e9dcae1623) Importer(815301076,1909f56bfc062723c751e8b465ee728b)  -> (artifact id: 'f8fb01236663f0360d14d516a47f2754') in 0.247962 seconds 
========================================================================
Received Import Request.
  Time since last request: 20.233941 seconds.
  path: Assets/Prefabs/troll.prefab
  artifactKey: Guid(f9b933069642b804193a889e762a4b06) Importer(815301076,1909f56bfc062723c751e8b465ee728b)
Start importing Assets/Prefabs/troll.prefab using Guid(f9b933069642b804193a889e762a4b06) Importer(815301076,1909f56bfc062723c751e8b465ee728b) The Animator Controller (troll) you have used is not valid. Animations will not play
UnityEngine.StackTraceUtility:ExtractStackTrace ()
UnityEditor.EditorUtility:Internal_InstantiateRemoveAllNonAnimationComponentsSingle (UnityEngine.Object,UnityEngine.Vector3,UnityEngine.Quaternion)
UnityEditor.EditorUtility:InstantiateRemoveAllNonAnimationComponents (UnityEngine.Object,UnityEngine.Vector3,UnityEngine.Quaternion)
UnityEditor.EditorUtility:InstantiateForAnimatorPreview (UnityEngine.Object)
UnityEditor.GameObjectInspector/PreviewData:UpdateGameObject (UnityEngine.Object)
UnityEditor.GameObjectInspector/PreviewData:.ctor (UnityEngine.Object)
UnityEditor.GameObjectInspector:GetPreviewData ()
UnityEditor.GameObjectInspector:RenderStaticPreview (string,UnityEngine.Object[],int,int)
UnityEditor.AssetPreviewUpdater:CreatePreview (UnityEngine.Object,UnityEngine.Object[],string,int,int)
UnityEditor.AssetPreviewUpdater:CreatePreviewForAsset (UnityEngine.Object,UnityEngine.Object[],string)

[C:\buildslave\unity\build\Modules\Animation\Director\AnimatorControllerPlayable.cpp line 333]

The Animator Controller (troll) you have used is not valid. Animations will not play
UnityEngine.StackTraceUtility:ExtractStackTrace ()
UnityEditor.EditorUtility:InitInstantiatedPreviewRecursive (UnityEngine.GameObject)
UnityEditor.EditorUtility:InstantiateForAnimatorPreview (UnityEngine.Object)
UnityEditor.GameObjectInspector/PreviewData:UpdateGameObject (UnityEngine.Object)
UnityEditor.GameObjectInspector/PreviewData:.ctor (UnityEngine.Object)
UnityEditor.GameObjectInspector:GetPreviewData ()
UnityEditor.GameObjectInspector:RenderStaticPreview (string,UnityEngine.Object[],int,int)
UnityEditor.AssetPreviewUpdater:CreatePreview (UnityEngine.Object,UnityEngine.Object[],string,int,int)
UnityEditor.AssetPreviewUpdater:CreatePreviewForAsset (UnityEngine.Object,UnityEngine.Object[],string)

[C:\buildslave\unity\build\Modules\Animation\Director\AnimatorControllerPlayable.cpp line 333]

 -> (artifact id: '6d757a78957de3bb4b1a6ca3b8fcbf6f') in 0.042144 seconds 
========================================================================
Received Import Request.
  Time since last request: 12.857819 seconds.
  path: Assets/Enemies/Tough
  artifactKey: Guid(67dec1fd87e968c45adaf81cbb362450) Importer(815301076,1909f56bfc062723c751e8b465ee728b)
Start importing Assets/Enemies/Tough using Guid(67dec1fd87e968c45adaf81cbb362450) Importer(815301076,1909f56bfc062723c751e8b465ee728b)  -> (artifact id: '75bd789a12a149c4317468682776e840') in 0.024699 seconds 
========================================================================
Received Import Request.
  Time since last request: 0.037323 seconds.
  path: Assets/Enemies/Tough/Enemy_Tough.prefab
  artifactKey: Guid(e9a85746bae401841b80a742cdb9a891) Importer(815301076,1909f56bfc062723c751e8b465ee728b)
Start importing Assets/Enemies/Tough/Enemy_Tough.prefab using Guid(e9a85746bae401841b80a742cdb9a891) Importer(815301076,1909f56bfc062723c751e8b465ee728b)  -> (artifact id: '40ead64b59669720601f02a267deea2a') in 0.065706 seconds 
========================================================================
Received Import Request.
  Time since last request: 88.541810 seconds.
  path: Assets/Enemies/Simple/Enemy_Simple.prefab
  artifactKey: Guid(e28a0c6f43750a8418e0d321b41b5f3a) Importer(815301076,1909f56bfc062723c751e8b465ee728b)
Start importing Assets/Enemies/Simple/Enemy_Simple.prefab using Guid(e28a0c6f43750a8418e0d321b41b5f3a) Importer(815301076,1909f56bfc062723c751e8b465ee728b)  -> (artifact id: '49b9d57cbf7377fa9ef392dbea407d9b') in 0.222321 seconds 
========================================================================
Received Import Request.
  Time since last request: 6.658991 seconds.
  path: Assets/Enemies/Tough/Enemy_Tough.prefab
  artifactKey: Guid(e9a85746bae401841b80a742cdb9a891) Importer(815301076,1909f56bfc062723c751e8b465ee728b)
Start importing Assets/Enemies/Tough/Enemy_Tough.prefab using Guid(e9a85746bae401841b80a742cdb9a891) Importer(815301076,1909f56bfc062723c751e8b465ee728b) The Animator Controller (troll) you have used is not valid. Animations will not play
UnityEngine.StackTraceUtility:ExtractStackTrace ()
UnityEditor.EditorUtility:Internal_InstantiateRemoveAllNonAnimationComponentsSingle (UnityEngine.Object,UnityEngine.Vector3,UnityEngine.Quaternion)
UnityEditor.EditorUtility:InstantiateRemoveAllNonAnimationComponents (UnityEngine.Object,UnityEngine.Vector3,UnityEngine.Quaternion)
UnityEditor.EditorUtility:InstantiateForAnimatorPreview (UnityEngine.Object)
UnityEditor.GameObjectInspector/PreviewData:UpdateGameObject (UnityEngine.Object)
UnityEditor.GameObjectInspector/PreviewData:.ctor (UnityEngine.Object)
UnityEditor.GameObjectInspector:GetPreviewData ()
UnityEditor.GameObjectInspector:RenderStaticPreview (string,UnityEngine.Object[],int,int)
UnityEditor.AssetPreviewUpdater:CreatePreview (UnityEngine.Object,UnityEngine.Object[],string,int,int)
UnityEditor.AssetPreviewUpdater:CreatePreviewForAsset (UnityEngine.Object,UnityEngine.Object[],string)

[C:\buildslave\unity\build\Modules\Animation\Director\AnimatorControllerPlayable.cpp line 333]

The Animator Controller (troll) you have used is not valid. Animations will not play
UnityEngine.StackTraceUtility:ExtractStackTrace ()
UnityEditor.EditorUtility:InitInstantiatedPreviewRecursive (UnityEngine.GameObject)
UnityEditor.EditorUtility:InstantiateForAnimatorPreview (UnityEngine.Object)
UnityEditor.GameObjectInspector/PreviewData:UpdateGameObject (UnityEngine.Object)
UnityEditor.GameObjectInspector/PreviewData:.ctor (UnityEngine.Object)
UnityEditor.GameObjectInspector:GetPreviewData ()
UnityEditor.GameObjectInspector:RenderStaticPreview (string,UnityEngine.Object[],int,int)
UnityEditor.AssetPreviewUpdater:CreatePreview (UnityEngine.Object,UnityEngine.Object[],string,int,int)
UnityEditor.AssetPreviewUpdater:CreatePreviewForAsset (UnityEngine.Object,UnityEngine.Object[],string)

[C:\buildslave\unity\build\Modules\Animation\Director\AnimatorControllerPlayable.cpp line 333]

 -> (artifact id: '5603803f9cf7b820e8e0d855979f7287') in 0.042999 seconds 
========================================================================
Received Import Request.
  Time since last request: 98.504694 seconds.
  path: Assets/Enemies/Tough/Enemy_Tough.prefab
  artifactKey: Guid(e9a85746bae401841b80a742cdb9a891) Importer(815301076,1909f56bfc062723c751e8b465ee728b)
Start importing Assets/Enemies/Tough/Enemy_Tough.prefab using Guid(e9a85746bae401841b80a742cdb9a891) Importer(815301076,1909f56bfc062723c751e8b465ee728b) The Animator Controller (troll) you have used is not valid. Animations will not play
UnityEngine.StackTraceUtility:ExtractStackTrace ()
UnityEditor.EditorUtility:Internal_InstantiateRemoveAllNonAnimationComponentsSingle (UnityEngine.Object,UnityEngine.Vector3,UnityEngine.Quaternion)
UnityEditor.EditorUtility:InstantiateRemoveAllNonAnimationComponents (UnityEngine.Object,UnityEngine.Vector3,UnityEngine.Quaternion)
UnityEditor.EditorUtility:InstantiateForAnimatorPreview (UnityEngine.Object)
UnityEditor.GameObjectInspector/PreviewData:UpdateGameObject (UnityEngine.Object)
UnityEditor.GameObjectInspector/PreviewData:.ctor (UnityEngine.Object)
UnityEditor.GameObjectInspector:GetPreviewData ()
UnityEditor.GameObjectInspector:RenderStaticPreview (string,UnityEngine.Object[],int,int)
UnityEditor.AssetPreviewUpdater:CreatePreview (UnityEngine.Object,UnityEngine.Object[],string,int,int)
UnityEditor.AssetPreviewUpdater:CreatePreviewForAsset (UnityEngine.Object,UnityEngine.Object[],string)

[C:\buildslave\unity\build\Modules\Animation\Director\AnimatorControllerPlayable.cpp line 333]

The Animator Controller (troll) you have used is not valid. Animations will not play
UnityEngine.StackTraceUtility:ExtractStackTrace ()
UnityEditor.EditorUtility:InitInstantiatedPreviewRecursive (UnityEngine.GameObject)
UnityEditor.EditorUtility:InstantiateForAnimatorPreview (UnityEngine.Object)
UnityEditor.GameObjectInspector/PreviewData:UpdateGameObject (UnityEngine.Object)
UnityEditor.GameObjectInspector/PreviewData:.ctor (UnityEngine.Object)
UnityEditor.GameObjectInspector:GetPreviewData ()
UnityEditor.GameObjectInspector:RenderStaticPreview (string,UnityEngine.Object[],int,int)
UnityEditor.AssetPreviewUpdater:CreatePreview (UnityEngine.Object,UnityEngine.Object[],string,int,int)
UnityEditor.AssetPreviewUpdater:CreatePreviewForAsset (UnityEngine.Object,UnityEngine.Object[],string)

[C:\buildslave\unity\build\Modules\Animation\Director\AnimatorControllerPlayable.cpp line 333]

 -> (artifact id: '8b42e33e9b3bbd9341ef6b967d8a3f67') in 0.050137 seconds 
========================================================================
Received Prepare
Registering precompiled user dll's ...
Registered in 0.011279 seconds.
Begin MonoManager ReloadAssembly
Symbol file LoadedFromMemory doesn't match image C:\Users\HP\Documents\GitHub\Towerdefense\Tower Defense\Library\PackageCache\com.unity.visualscripting@1.7.8\Editor\VisualScripting.Core\Dependencies\YamlDotNet\Unity.VisualScripting.YamlDotNet.dll
Symbol file LoadedFromMemory doesn't match image C:\Users\HP\Documents\GitHub\Towerdefense\Tower Defense\Library\PackageCache\com.unity.visualscripting@1.7.8\Editor\VisualScripting.Core\Dependencies\DotNetZip\Unity.VisualScripting.IonicZip.dll
Native extension for WindowsStandalone target not found
Native extension for Android target not found
Native extension for WebGL target not found
Refreshing native plugins compatible for Editor in 0.98 ms, found 3 plugins.
Preloading 0 native plugins for Editor in 0.00 ms.
Mono: successfully reloaded assembly
- Completed reload, in  2.174 seconds
Domain Reload Profiling:
	ReloadAssembly (2175ms)
		BeginReloadAssembly (323ms)
			ExecutionOrderSort (0ms)
			DisableScriptedObjects (29ms)
			BackupInstance (0ms)
			ReleaseScriptingObjects (0ms)
			CreateAndSetChildDomain (73ms)
		EndReloadAssembly (1648ms)
			LoadAssemblies (247ms)
			RebuildTransferFunctionScriptingTraits (0ms)
			SetupTypeCache (508ms)
			ReleaseScriptCaches (2ms)
			RebuildScriptCaches (92ms)
			SetupLoadedEditorAssemblies (653ms)
				LogAssemblyErrors (0ms)
				InitializePlatformSupportModulesInManaged (97ms)
				SetLoadedEditorAssemblies (1ms)
				RefreshPlugins (1ms)
				BeforeProcessingInitializeOnLoad (119ms)
				ProcessInitializeOnLoadAttributes (367ms)
				ProcessInitializeOnLoadMethodAttributes (55ms)
				AfterProcessingInitializeOnLoad (13ms)
				EditorAssembliesLoaded (0ms)
			ExecutionOrderSort2 (0ms)
			AwakeInstancesAfterBackupRestoration (15ms)
Platform modules already initialized, skipping
Refreshing native plugins compatible for Editor in 10.50 ms, found 3 plugins.
Preloading 0 native plugins for Editor in 0.00 ms.
Unloading 3280 Unused Serialized files (Serialized files now loaded: 0)
Unloading 18 unused Assets / (24.8 KB). Loaded Objects now: 3806.
Memory consumption went from 120.6 MB to 120.6 MB.
Total: 4.657700 ms (FindLiveObjects: 0.366800 ms CreateObjectMapping: 0.236000 ms MarkObjects: 3.985500 ms  DeleteObjects: 0.067200 ms)

AssetImportParameters requested are different than current active one (requested -> active):
  custom:video-decoder-ogg-theora: a1e56fd34408186e4bbccfd4996cb3dc -> 
  custom:container-muxer-webm: aa71ff27fc2769a1b78a27578f13a17b -> 
  custom:container-demuxer-webm: 4f35f7cbe854078d1ac9338744f61a02 -> 
  custom:video-encoder-webm-vp8: eb34c28f22e8b96e1ab97ce403110664 -> 
  custom:audio-encoder-webm-vorbis: bf7c407c2cedff20999df2af8eb42d56 -> 
  custom:framework-win-MediaFoundation: 216162199b28c13a410421893ffa2e32 -> 
  custom:container-demuxer-ogg: 62fdf1f143b41e24485cea50d1cbac27 -> 
  custom:video-decoder-webm-vp8: 9c59270c3fd7afecdb556c50c9e8de78 -> 
  custom:audio-decoder-ogg-vorbis: bf7c407c2cedff20999df2af8eb42d56 -> 
========================================================================
Received Import Request.
  Time since last request: 123.747550 seconds.
  path: Assets/Enemies/Tough/Enemy_Tough.prefab
  artifactKey: Guid(e9a85746bae401841b80a742cdb9a891) Importer(815301076,1909f56bfc062723c751e8b465ee728b)
Start importing Assets/Enemies/Tough/Enemy_Tough.prefab using Guid(e9a85746bae401841b80a742cdb9a891) Importer(815301076,1909f56bfc062723c751e8b465ee728b) The Animator Controller (troll) you have used is not valid. Animations will not play
UnityEngine.StackTraceUtility:ExtractStackTrace ()
UnityEditor.EditorUtility:Internal_InstantiateRemoveAllNonAnimationComponentsSingle (UnityEngine.Object,UnityEngine.Vector3,UnityEngine.Quaternion)
UnityEditor.EditorUtility:InstantiateRemoveAllNonAnimationComponents (UnityEngine.Object,UnityEngine.Vector3,UnityEngine.Quaternion)
UnityEditor.EditorUtility:InstantiateForAnimatorPreview (UnityEngine.Object)
UnityEditor.GameObjectInspector/PreviewData:UpdateGameObject (UnityEngine.Object)
UnityEditor.GameObjectInspector/PreviewData:.ctor (UnityEngine.Object)
UnityEditor.GameObjectInspector:GetPreviewData ()
UnityEditor.GameObjectInspector:RenderStaticPreview (string,UnityEngine.Object[],int,int)
UnityEditor.AssetPreviewUpdater:CreatePreview (UnityEngine.Object,UnityEngine.Object[],string,int,int)
UnityEditor.AssetPreviewUpdater:CreatePreviewForAsset (UnityEngine.Object,UnityEngine.Object[],string)

[C:\buildslave\unity\build\Modules\Animation\Director\AnimatorControllerPlayable.cpp line 333]

The Animator Controller (troll) you have used is not valid. Animations will not play
UnityEngine.StackTraceUtility:ExtractStackTrace ()
UnityEditor.EditorUtility:InitInstantiatedPreviewRecursive (UnityEngine.GameObject)
UnityEditor.EditorUtility:InstantiateForAnimatorPreview (UnityEngine.Object)
UnityEditor.GameObjectInspector/PreviewData:UpdateGameObject (UnityEngine.Object)
UnityEditor.GameObjectInspector/PreviewData:.ctor (UnityEngine.Object)
UnityEditor.GameObjectInspector:GetPreviewData ()
UnityEditor.GameObjectInspector:RenderStaticPreview (string,UnityEngine.Object[],int,int)
UnityEditor.AssetPreviewUpdater:CreatePreview (UnityEngine.Object,UnityEngine.Object[],string,int,int)
UnityEditor.AssetPreviewUpdater:CreatePreviewForAsset (UnityEngine.Object,UnityEngine.Object[],string)

[C:\buildslave\unity\build\Modules\Animation\Director\AnimatorControllerPlayable.cpp line 333]

 -> (artifact id: '85c0c24b209945fa21eb5727debd7373') in 0.196151 seconds 
========================================================================
Received Import Request.
  Time since last request: 7.454784 seconds.
  path: Assets/Enemies/Tough/Enemy_Tough.prefab
  artifactKey: Guid(e9a85746bae401841b80a742cdb9a891) Importer(815301076,1909f56bfc062723c751e8b465ee728b)
Start importing Assets/Enemies/Tough/Enemy_Tough.prefab using Guid(e9a85746bae401841b80a742cdb9a891) Importer(815301076,1909f56bfc062723c751e8b465ee728b) The Animator Controller (troll) you have used is not valid. Animations will not play
UnityEngine.StackTraceUtility:ExtractStackTrace ()
UnityEditor.EditorUtility:Internal_InstantiateRemoveAllNonAnimationComponentsSingle (UnityEngine.Object,UnityEngine.Vector3,UnityEngine.Quaternion)
UnityEditor.EditorUtility:InstantiateRemoveAllNonAnimationComponents (UnityEngine.Object,UnityEngine.Vector3,UnityEngine.Quaternion)
UnityEditor.EditorUtility:InstantiateForAnimatorPreview (UnityEngine.Object)
UnityEditor.GameObjectInspector/PreviewData:UpdateGameObject (UnityEngine.Object)
UnityEditor.GameObjectInspector/PreviewData:.ctor (UnityEngine.Object)
UnityEditor.GameObjectInspector:GetPreviewData ()
UnityEditor.GameObjectInspector:RenderStaticPreview (string,UnityEngine.Object[],int,int)
UnityEditor.AssetPreviewUpdater:CreatePreview (UnityEngine.Object,UnityEngine.Object[],string,int,int)
UnityEditor.AssetPreviewUpdater:CreatePreviewForAsset (UnityEngine.Object,UnityEngine.Object[],string)

[C:\buildslave\unity\build\Modules\Animation\Director\AnimatorControllerPlayable.cpp line 333]

The Animator Controller (troll) you have used is not valid. Animations will not play
UnityEngine.StackTraceUtility:ExtractStackTrace ()
UnityEditor.EditorUtility:InitInstantiatedPreviewRecursive (UnityEngine.GameObject)
UnityEditor.EditorUtility:InstantiateForAnimatorPreview (UnityEngine.Object)
UnityEditor.GameObjectInspector/PreviewData:UpdateGameObject (UnityEngine.Object)
UnityEditor.GameObjectInspector/PreviewData:.ctor (UnityEngine.Object)
UnityEditor.GameObjectInspector:GetPreviewData ()
UnityEditor.GameObjectInspector:RenderStaticPreview (string,UnityEngine.Object[],int,int)
UnityEditor.AssetPreviewUpdater:CreatePreview (UnityEngine.Object,UnityEngine.Object[],string,int,int)
UnityEditor.AssetPreviewUpdater:CreatePreviewForAsset (UnityEngine.Object,UnityEngine.Object[],string)

[C:\buildslave\unity\build\Modules\Animation\Director\AnimatorControllerPlayable.cpp line 333]

 -> (artifact id: '5bf363a81b33abd8ab295372063947ef') in 0.042942 seconds 
========================================================================
Received Prepare
Registering precompiled user dll's ...
Registered in 0.016756 seconds.
Begin MonoManager ReloadAssembly
Symbol file LoadedFromMemory doesn't match image C:\Users\HP\Documents\GitHub\Towerdefense\Tower Defense\Library\PackageCache\com.unity.visualscripting@1.7.8\Editor\VisualScripting.Core\Dependencies\YamlDotNet\Unity.VisualScripting.YamlDotNet.dll
Symbol file LoadedFromMemory doesn't match image C:\Users\HP\Documents\GitHub\Towerdefense\Tower Defense\Library\PackageCache\com.unity.visualscripting@1.7.8\Editor\VisualScripting.Core\Dependencies\DotNetZip\Unity.VisualScripting.IonicZip.dll
Native extension for WindowsStandalone target not found
Native extension for Android target not found
Native extension for WebGL target not found
Refreshing native plugins compatible for Editor in 1.28 ms, found 3 plugins.
Preloading 0 native plugins for Editor in 0.00 ms.
Mono: successfully reloaded assembly
- Completed reload, in  4.262 seconds
Domain Reload Profiling:
	ReloadAssembly (4263ms)
		BeginReloadAssembly (605ms)
			ExecutionOrderSort (0ms)
			DisableScriptedObjects (20ms)
			BackupInstance (0ms)
			ReleaseScriptingObjects (0ms)
			CreateAndSetChildDomain (169ms)
		EndReloadAssembly (3206ms)
			LoadAssemblies (427ms)
			RebuildTransferFunctionScriptingTraits (0ms)
			SetupTypeCache (1078ms)
			ReleaseScriptCaches (2ms)
			RebuildScriptCaches (225ms)
			SetupLoadedEditorAssemblies (1338ms)
				LogAssemblyErrors (0ms)
				InitializePlatformSupportModulesInManaged (152ms)
				SetLoadedEditorAssemblies (1ms)
				RefreshPlugins (1ms)
				BeforeProcessingInitializeOnLoad (260ms)
				ProcessInitializeOnLoadAttributes (787ms)
				ProcessInitializeOnLoadMethodAttributes (106ms)
				AfterProcessingInitializeOnLoad (31ms)
				EditorAssembliesLoaded (0ms)
			ExecutionOrderSort2 (0ms)
			AwakeInstancesAfterBackupRestoration (31ms)
Platform modules already initialized, skipping
Refreshing native plugins compatible for Editor in 28.25 ms, found 3 plugins.
Preloading 0 native plugins for Editor in 0.00 ms.
Unloading 3280 Unused Serialized files (Serialized files now loaded: 0)
Unloading 17 unused Assets / (24.6 KB). Loaded Objects now: 3809.
Memory consumption went from 120.6 MB to 120.6 MB.
Total: 28.941900 ms (FindLiveObjects: 0.852300 ms CreateObjectMapping: 0.785300 ms MarkObjects: 27.168200 ms  DeleteObjects: 0.132900 ms)

AssetImportParameters requested are different than current active one (requested -> active):
  custom:video-decoder-ogg-theora: a1e56fd34408186e4bbccfd4996cb3dc -> 
  custom:container-muxer-webm: aa71ff27fc2769a1b78a27578f13a17b -> 
  custom:container-demuxer-webm: 4f35f7cbe854078d1ac9338744f61a02 -> 
  custom:video-encoder-webm-vp8: eb34c28f22e8b96e1ab97ce403110664 -> 
  custom:audio-encoder-webm-vorbis: bf7c407c2cedff20999df2af8eb42d56 -> 
  custom:framework-win-MediaFoundation: 216162199b28c13a410421893ffa2e32 -> 
  custom:container-demuxer-ogg: 62fdf1f143b41e24485cea50d1cbac27 -> 
  custom:video-decoder-webm-vp8: 9c59270c3fd7afecdb556c50c9e8de78 -> 
  custom:audio-decoder-ogg-vorbis: bf7c407c2cedff20999df2af8eb42d56 -> 
========================================================================
Received Prepare
Registering precompiled user dll's ...
Registered in 0.011246 seconds.
Begin MonoManager ReloadAssembly
Symbol file LoadedFromMemory doesn't match image C:\Users\HP\Documents\GitHub\Towerdefense\Tower Defense\Library\PackageCache\com.unity.visualscripting@1.7.8\Editor\VisualScripting.Core\Dependencies\YamlDotNet\Unity.VisualScripting.YamlDotNet.dll
Symbol file LoadedFromMemory doesn't match image C:\Users\HP\Documents\GitHub\Towerdefense\Tower Defense\Library\PackageCache\com.unity.visualscripting@1.7.8\Editor\VisualScripting.Core\Dependencies\DotNetZip\Unity.VisualScripting.IonicZip.dll
Native extension for WindowsStandalone target not found
Native extension for Android target not found
Native extension for WebGL target not found
Refreshing native plugins compatible for Editor in 1.04 ms, found 3 plugins.
Preloading 0 native plugins for Editor in 0.00 ms.
Mono: successfully reloaded assembly
- Completed reload, in  1.981 seconds
Domain Reload Profiling:
	ReloadAssembly (1982ms)
		BeginReloadAssembly (327ms)
			ExecutionOrderSort (0ms)
			DisableScriptedObjects (13ms)
			BackupInstance (0ms)
			ReleaseScriptingObjects (0ms)
			CreateAndSetChildDomain (70ms)
		EndReloadAssembly (1336ms)
			LoadAssemblies (199ms)
			RebuildTransferFunctionScriptingTraits (0ms)
			SetupTypeCache (504ms)
			ReleaseScriptCaches (2ms)
			RebuildScriptCaches (97ms)
			SetupLoadedEditorAssemblies (535ms)
				LogAssemblyErrors (0ms)
				InitializePlatformSupportModulesInManaged (36ms)
				SetLoadedEditorAssemblies (1ms)
				RefreshPlugins (1ms)
				BeforeProcessingInitializeOnLoad (112ms)
				ProcessInitializeOnLoadAttributes (333ms)
				ProcessInitializeOnLoadMethodAttributes (41ms)
				AfterProcessingInitializeOnLoad (12ms)
				EditorAssembliesLoaded (0ms)
			ExecutionOrderSort2 (0ms)
			AwakeInstancesAfterBackupRestoration (9ms)
Platform modules already initialized, skipping
Refreshing native plugins compatible for Editor in 2.91 ms, found 3 plugins.
Preloading 0 native plugins for Editor in 0.00 ms.
Unloading 3280 Unused Serialized files (Serialized files now loaded: 0)
Unloading 17 unused Assets / (24.7 KB). Loaded Objects now: 3812.
Memory consumption went from 120.6 MB to 120.6 MB.
Total: 3.996700 ms (FindLiveObjects: 0.312700 ms CreateObjectMapping: 0.211500 ms MarkObjects: 3.444300 ms  DeleteObjects: 0.027100 ms)

AssetImportParameters requested are different than current active one (requested -> active):
  custom:video-decoder-ogg-theora: a1e56fd34408186e4bbccfd4996cb3dc -> 
  custom:container-muxer-webm: aa71ff27fc2769a1b78a27578f13a17b -> 
  custom:container-demuxer-webm: 4f35f7cbe854078d1ac9338744f61a02 -> 
  custom:video-encoder-webm-vp8: eb34c28f22e8b96e1ab97ce403110664 -> 
  custom:audio-encoder-webm-vorbis: bf7c407c2cedff20999df2af8eb42d56 -> 
  custom:framework-win-MediaFoundation: 216162199b28c13a410421893ffa2e32 -> 
  custom:container-demuxer-ogg: 62fdf1f143b41e24485cea50d1cbac27 -> 
  custom:video-decoder-webm-vp8: 9c59270c3fd7afecdb556c50c9e8de78 -> 
  custom:audio-decoder-ogg-vorbis: bf7c407c2cedff20999df2af8eb42d56 -> 
========================================================================
Received Import Request.
  Time since last request: 366.464482 seconds.
  path: Assets/Enemies/Tough/Enemy_Tough.prefab
  artifactKey: Guid(e9a85746bae401841b80a742cdb9a891) Importer(815301076,1909f56bfc062723c751e8b465ee728b)
Start importing Assets/Enemies/Tough/Enemy_Tough.prefab using Guid(e9a85746bae401841b80a742cdb9a891) Importer(815301076,1909f56bfc062723c751e8b465ee728b) The Animator Controller (troll) you have used is not valid. Animations will not play
UnityEngine.StackTraceUtility:ExtractStackTrace ()
UnityEditor.EditorUtility:Internal_InstantiateRemoveAllNonAnimationComponentsSingle (UnityEngine.Object,UnityEngine.Vector3,UnityEngine.Quaternion)
UnityEditor.EditorUtility:InstantiateRemoveAllNonAnimationComponents (UnityEngine.Object,UnityEngine.Vector3,UnityEngine.Quaternion)
UnityEditor.EditorUtility:InstantiateForAnimatorPreview (UnityEngine.Object)
UnityEditor.GameObjectInspector/PreviewData:UpdateGameObject (UnityEngine.Object)
UnityEditor.GameObjectInspector/PreviewData:.ctor (UnityEngine.Object)
UnityEditor.GameObjectInspector:GetPreviewData ()
UnityEditor.GameObjectInspector:RenderStaticPreview (string,UnityEngine.Object[],int,int)
UnityEditor.AssetPreviewUpdater:CreatePreview (UnityEngine.Object,UnityEngine.Object[],string,int,int)
UnityEditor.AssetPreviewUpdater:CreatePreviewForAsset (UnityEngine.Object,UnityEngine.Object[],string)

[C:\buildslave\unity\build\Modules\Animation\Director\AnimatorControllerPlayable.cpp line 333]

The Animator Controller (troll) you have used is not valid. Animations will not play
UnityEngine.StackTraceUtility:ExtractStackTrace ()
UnityEditor.EditorUtility:InitInstantiatedPreviewRecursive (UnityEngine.GameObject)
UnityEditor.EditorUtility:InstantiateForAnimatorPreview (UnityEngine.Object)
UnityEditor.GameObjectInspector/PreviewData:UpdateGameObject (UnityEngine.Object)
UnityEditor.GameObjectInspector/PreviewData:.ctor (UnityEngine.Object)
UnityEditor.GameObjectInspector:GetPreviewData ()
UnityEditor.GameObjectInspector:RenderStaticPreview (string,UnityEngine.Object[],int,int)
UnityEditor.AssetPreviewUpdater:CreatePreview (UnityEngine.Object,UnityEngine.Object[],string,int,int)
UnityEditor.AssetPreviewUpdater:CreatePreviewForAsset (UnityEngine.Object,UnityEngine.Object[],string)

[C:\buildslave\unity\build\Modules\Animation\Director\AnimatorControllerPlayable.cpp line 333]

 -> (artifact id: 'e7f5f77263ff9aaec960b9fb210df12d') in 0.148859 seconds 
========================================================================
Received Import Request.
  Time since last request: 5.251973 seconds.
  path: Assets/Enemies/Tough/Enemy_Tough.prefab
  artifactKey: Guid(e9a85746bae401841b80a742cdb9a891) Importer(815301076,1909f56bfc062723c751e8b465ee728b)
Start importing Assets/Enemies/Tough/Enemy_Tough.prefab using Guid(e9a85746bae401841b80a742cdb9a891) Importer(815301076,1909f56bfc062723c751e8b465ee728b) The Animator Controller (troll) you have used is not valid. Animations will not play
UnityEngine.StackTraceUtility:ExtractStackTrace ()
UnityEditor.EditorUtility:Internal_InstantiateRemoveAllNonAnimationComponentsSingle (UnityEngine.Object,UnityEngine.Vector3,UnityEngine.Quaternion)
UnityEditor.EditorUtility:InstantiateRemoveAllNonAnimationComponents (UnityEngine.Object,UnityEngine.Vector3,UnityEngine.Quaternion)
UnityEditor.EditorUtility:InstantiateForAnimatorPreview (UnityEngine.Object)
UnityEditor.GameObjectInspector/PreviewData:UpdateGameObject (UnityEngine.Object)
UnityEditor.GameObjectInspector/PreviewData:.ctor (UnityEngine.Object)
UnityEditor.GameObjectInspector:GetPreviewData ()
UnityEditor.GameObjectInspector:RenderStaticPreview (string,UnityEngine.Object[],int,int)
UnityEditor.AssetPreviewUpdater:CreatePreview (UnityEngine.Object,UnityEngine.Object[],string,int,int)
UnityEditor.AssetPreviewUpdater:CreatePreviewForAsset (UnityEngine.Object,UnityEngine.Object[],string)

[C:\buildslave\unity\build\Modules\Animation\Director\AnimatorControllerPlayable.cpp line 333]

The Animator Controller (troll) you have used is not valid. Animations will not play
UnityEngine.StackTraceUtility:ExtractStackTrace ()
UnityEditor.EditorUtility:InitInstantiatedPreviewRecursive (UnityEngine.GameObject)
UnityEditor.EditorUtility:InstantiateForAnimatorPreview (UnityEngine.Object)
UnityEditor.GameObjectInspector/PreviewData:UpdateGameObject (UnityEngine.Object)
UnityEditor.GameObjectInspector/PreviewData:.ctor (UnityEngine.Object)
UnityEditor.GameObjectInspector:GetPreviewData ()
UnityEditor.GameObjectInspector:RenderStaticPreview (string,UnityEngine.Object[],int,int)
UnityEditor.AssetPreviewUpdater:CreatePreview (UnityEngine.Object,UnityEngine.Object[],string,int,int)
UnityEditor.AssetPreviewUpdater:CreatePreviewForAsset (UnityEngine.Object,UnityEngine.Object[],string)

[C:\buildslave\unity\build\Modules\Animation\Director\AnimatorControllerPlayable.cpp line 333]

 -> (artifact id: '84043a0dea205c8719f10545a0a65b03') in 0.043418 seconds 
========================================================================
Received Prepare
Registering precompiled user dll's ...
Registered in 0.015286 seconds.
Begin MonoManager ReloadAssembly
Symbol file LoadedFromMemory doesn't match image C:\Users\HP\Documents\GitHub\Towerdefense\Tower Defense\Library\PackageCache\com.unity.visualscripting@1.7.8\Editor\VisualScripting.Core\Dependencies\YamlDotNet\Unity.VisualScripting.YamlDotNet.dll
Symbol file LoadedFromMemory doesn't match image C:\Users\HP\Documents\GitHub\Towerdefense\Tower Defense\Library\PackageCache\com.unity.visualscripting@1.7.8\Editor\VisualScripting.Core\Dependencies\DotNetZip\Unity.VisualScripting.IonicZip.dll
Native extension for WindowsStandalone target not found
Native extension for Android target not found
Native extension for WebGL target not found
Refreshing native plugins compatible for Editor in 0.99 ms, found 3 plugins.
Preloading 0 native plugins for Editor in 0.00 ms.
Mono: successfully reloaded assembly
- Completed reload, in  1.771 seconds
Domain Reload Profiling:
	ReloadAssembly (1772ms)
		BeginReloadAssembly (275ms)
			ExecutionOrderSort (0ms)
			DisableScriptedObjects (11ms)
			BackupInstance (0ms)
			ReleaseScriptingObjects (0ms)
			CreateAndSetChildDomain (72ms)
		EndReloadAssembly (1300ms)
			LoadAssemblies (184ms)
			RebuildTransferFunctionScriptingTraits (0ms)
			SetupTypeCache (533ms)
			ReleaseScriptCaches (1ms)
			RebuildScriptCaches (49ms)
			SetupLoadedEditorAssemblies (522ms)
				LogAssemblyErrors (0ms)
				InitializePlatformSupportModulesInManaged (34ms)
				SetLoadedEditorAssemblies (1ms)
				RefreshPlugins (1ms)
				BeforeProcessingInitializeOnLoad (97ms)
				ProcessInitializeOnLoadAttributes (319ms)
				ProcessInitializeOnLoadMethodAttributes (58ms)
				AfterProcessingInitializeOnLoad (12ms)
				EditorAssembliesLoaded (0ms)
			ExecutionOrderSort2 (0ms)
			AwakeInstancesAfterBackupRestoration (10ms)
Platform modules already initialized, skipping
Refreshing native plugins compatible for Editor in 3.15 ms, found 3 plugins.
Preloading 0 native plugins for Editor in 0.00 ms.
Unloading 3280 Unused Serialized files (Serialized files now loaded: 0)
Unloading 17 unused Assets / (24.7 KB). Loaded Objects now: 3815.
Memory consumption went from 120.7 MB to 120.6 MB.
Total: 4.473200 ms (FindLiveObjects: 0.439300 ms CreateObjectMapping: 0.323300 ms MarkObjects: 3.674200 ms  DeleteObjects: 0.034900 ms)

AssetImportParameters requested are different than current active one (requested -> active):
  custom:video-decoder-ogg-theora: a1e56fd34408186e4bbccfd4996cb3dc -> 
  custom:container-muxer-webm: aa71ff27fc2769a1b78a27578f13a17b -> 
  custom:container-demuxer-webm: 4f35f7cbe854078d1ac9338744f61a02 -> 
  custom:video-encoder-webm-vp8: eb34c28f22e8b96e1ab97ce403110664 -> 
  custom:audio-encoder-webm-vorbis: bf7c407c2cedff20999df2af8eb42d56 -> 
  custom:framework-win-MediaFoundation: 216162199b28c13a410421893ffa2e32 -> 
  custom:container-demuxer-ogg: 62fdf1f143b41e24485cea50d1cbac27 -> 
  custom:video-decoder-webm-vp8: 9c59270c3fd7afecdb556c50c9e8de78 -> 
  custom:audio-decoder-ogg-vorbis: bf7c407c2cedff20999df2af8eb42d56 -> 
========================================================================
Received Prepare
Registering precompiled user dll's ...
Registered in 0.009026 seconds.
Begin MonoManager ReloadAssembly
Symbol file LoadedFromMemory doesn't match image C:\Users\HP\Documents\GitHub\Towerdefense\Tower Defense\Library\PackageCache\com.unity.visualscripting@1.7.8\Editor\VisualScripting.Core\Dependencies\YamlDotNet\Unity.VisualScripting.YamlDotNet.dll
Symbol file LoadedFromMemory doesn't match image C:\Users\HP\Documents\GitHub\Towerdefense\Tower Defense\Library\PackageCache\com.unity.visualscripting@1.7.8\Editor\VisualScripting.Core\Dependencies\DotNetZip\Unity.VisualScripting.IonicZip.dll
Native extension for WindowsStandalone target not found
Native extension for Android target not found
Native extension for WebGL target not found
Refreshing native plugins compatible for Editor in 2.55 ms, found 3 plugins.
Preloading 0 native plugins for Editor in 0.00 ms.
Mono: successfully reloaded assembly
- Completed reload, in  2.225 seconds
Domain Reload Profiling:
	ReloadAssembly (2226ms)
		BeginReloadAssembly (250ms)
			ExecutionOrderSort (0ms)
			DisableScriptedObjects (15ms)
			BackupInstance (0ms)
			ReleaseScriptingObjects (0ms)
			CreateAndSetChildDomain (58ms)
		EndReloadAssembly (1777ms)
			LoadAssemblies (162ms)
			RebuildTransferFunctionScriptingTraits (0ms)
			SetupTypeCache (566ms)
			ReleaseScriptCaches (1ms)
			RebuildScriptCaches (99ms)
			SetupLoadedEditorAssemblies (855ms)
				LogAssemblyErrors (0ms)
				InitializePlatformSupportModulesInManaged (69ms)
				SetLoadedEditorAssemblies (1ms)
				RefreshPlugins (3ms)
				BeforeProcessingInitializeOnLoad (165ms)
				ProcessInitializeOnLoadAttributes (518ms)
				ProcessInitializeOnLoadMethodAttributes (78ms)
				AfterProcessingInitializeOnLoad (20ms)
				EditorAssembliesLoaded (0ms)
			ExecutionOrderSort2 (0ms)
			AwakeInstancesAfterBackupRestoration (15ms)
Platform modules already initialized, skipping
Refreshing native plugins compatible for Editor in 5.17 ms, found 3 plugins.
Preloading 0 native plugins for Editor in 0.00 ms.
Unloading 3280 Unused Serialized files (Serialized files now loaded: 0)
Unloading 17 unused Assets / (24.7 KB). Loaded Objects now: 3818.
Memory consumption went from 120.7 MB to 120.7 MB.
Total: 6.144500 ms (FindLiveObjects: 0.889300 ms CreateObjectMapping: 0.504400 ms MarkObjects: 4.700500 ms  DeleteObjects: 0.039900 ms)

AssetImportParameters requested are different than current active one (requested -> active):
  custom:video-decoder-ogg-theora: a1e56fd34408186e4bbccfd4996cb3dc -> 
  custom:container-muxer-webm: aa71ff27fc2769a1b78a27578f13a17b -> 
  custom:container-demuxer-webm: 4f35f7cbe854078d1ac9338744f61a02 -> 
  custom:video-encoder-webm-vp8: eb34c28f22e8b96e1ab97ce403110664 -> 
  custom:audio-encoder-webm-vorbis: bf7c407c2cedff20999df2af8eb42d56 -> 
  custom:framework-win-MediaFoundation: 216162199b28c13a410421893ffa2e32 -> 
  custom:container-demuxer-ogg: 62fdf1f143b41e24485cea50d1cbac27 -> 
  custom:video-decoder-webm-vp8: 9c59270c3fd7afecdb556c50c9e8de78 -> 
  custom:audio-decoder-ogg-vorbis: bf7c407c2cedff20999df2af8eb42d56 -> 
========================================================================
Received Import Request.
  Time since last request: 984.161643 seconds.
  path: Assets/Prefabs/troll.prefab
  artifactKey: Guid(f9b933069642b804193a889e762a4b06) Importer(815301076,1909f56bfc062723c751e8b465ee728b)
Start importing Assets/Prefabs/troll.prefab using Guid(f9b933069642b804193a889e762a4b06) Importer(815301076,1909f56bfc062723c751e8b465ee728b)  -> (artifact id: '40753e2e3cbbdb8fd52caa4228bdc7f6') in 0.178091 seconds 
========================================================================
Received Import Request.
  Time since last request: 650.190056 seconds.
  path: Assets/3dmodels/motar
  artifactKey: Guid(516b091f6576feb4bb777abef162e35a) Importer(815301076,1909f56bfc062723c751e8b465ee728b)
Start importing Assets/3dmodels/motar using Guid(516b091f6576feb4bb777abef162e35a) Importer(815301076,1909f56bfc062723c751e8b465ee728b)  -> (artifact id: '72c92d7b9ac9c84a5911a37ff779a78d') in 0.023123 seconds 
========================================================================
Received Import Request.
  Time since last request: 70.116126 seconds.
  path: Assets/3dmodels/motar/cobble_diffuse.png
  artifactKey: Guid(07767fdc821745244ad6b3967aa5b8a0) Importer(815301076,1909f56bfc062723c751e8b465ee728b)
Start importing Assets/3dmodels/motar/cobble_diffuse.png using Guid(07767fdc821745244ad6b3967aa5b8a0) Importer(815301076,1909f56bfc062723c751e8b465ee728b)  -> (artifact id: 'ea83d77254d6ba64661f7ab079d644f1') in 0.072100 seconds 
========================================================================
Received Import Request.
  Time since last request: 0.000035 seconds.
  path: Assets/3dmodels/motar/darkIron_difuse.jpg
  artifactKey: Guid(3bc607bfd4742cf4288e94e9b8036183) Importer(815301076,1909f56bfc062723c751e8b465ee728b)
Start importing Assets/3dmodels/motar/darkIron_difuse.jpg using Guid(3bc607bfd4742cf4288e94e9b8036183) Importer(815301076,1909f56bfc062723c751e8b465ee728b)  -> (artifact id: '369ce2c6a77f4f92dfef77a6b881902e') in 0.046920 seconds 
========================================================================
Received Import Request.
  Time since last request: 0.000044 seconds.
  path: Assets/3dmodels/motar/Wood063_2K_Normal.jpg
  artifactKey: Guid(f1e32ef9aff65f14ab39793077eccdf0) Importer(815301076,1909f56bfc062723c751e8b465ee728b)
Start importing Assets/3dmodels/motar/Wood063_2K_Normal.jpg using Guid(f1e32ef9aff65f14ab39793077eccdf0) Importer(815301076,1909f56bfc062723c751e8b465ee728b)  -> (artifact id: 'b018b5d7aa2629523b17013f335be011') in 0.060144 seconds 
========================================================================
Received Import Request.
  Time since last request: 0.000044 seconds.
  path: Assets/3dmodels/motar/mortar_tower.fbx
  artifactKey: Guid(2c30d7b8c459f274d94cead21054b02b) Importer(815301076,1909f56bfc062723c751e8b465ee728b)
Start importing Assets/3dmodels/motar/mortar_tower.fbx using Guid(2c30d7b8c459f274d94cead21054b02b) Importer(815301076,1909f56bfc062723c751e8b465ee728b)  -> (artifact id: '677a755d4e70633bfef54da9a3e50602') in 0.203352 seconds 
========================================================================
Received Import Request.
  Time since last request: 11.631562 seconds.
  path: Assets/3dmodels/motar/mortar_tower.fbx
  artifactKey: Guid(2c30d7b8c459f274d94cead21054b02b) Importer(815301076,1909f56bfc062723c751e8b465ee728b)
Start importing Assets/3dmodels/motar/mortar_tower.fbx using Guid(2c30d7b8c459f274d94cead21054b02b) Importer(815301076,1909f56bfc062723c751e8b465ee728b)  -> (artifact id: '12090d6bc59cb654276ee29174b00f3d') in 0.107791 seconds 
========================================================================
Received Import Request.
  Time since last request: 0.000043 seconds.
  path: Assets/3dmodels/motar/Wood.mat
  artifactKey: Guid(319d204c8bc208e4aaabcc284d070c2b) Importer(815301076,1909f56bfc062723c751e8b465ee728b)
Start importing Assets/3dmodels/motar/Wood.mat using Guid(319d204c8bc208e4aaabcc284d070c2b) Importer(815301076,1909f56bfc062723c751e8b465ee728b)  -> (artifact id: '6ae099e93ca5f1f25b013b184cd44ec4') in 0.054950 seconds 
========================================================================
Received Import Request.
  Time since last request: 0.000043 seconds.
  path: Assets/3dmodels/motar/Stones.mat
  artifactKey: Guid(b1806315b3bae294d8a3274ae1d6cba0) Importer(815301076,1909f56bfc062723c751e8b465ee728b)
Start importing Assets/3dmodels/motar/Stones.mat using Guid(b1806315b3bae294d8a3274ae1d6cba0) Importer(815301076,1909f56bfc062723c751e8b465ee728b)  -> (artifact id: 'de56d937b52541df69bef88fa2230443') in 0.059485 seconds 
========================================================================
Received Import Request.
  Time since last request: 105.925091 seconds.
  path: Assets/Prefabs/MissileLauncher.prefab
  artifactKey: Guid(28886474c13dfff4cb183350df126081) Importer(815301076,1909f56bfc062723c751e8b465ee728b)
Start importing Assets/Prefabs/MissileLauncher.prefab using Guid(28886474c13dfff4cb183350df126081) Importer(815301076,1909f56bfc062723c751e8b465ee728b)  -> (artifact id: 'c83902f5b80d8a451fa922609b8e2d0e') in 0.088741 seconds 
========================================================================
Received Import Request.
  Time since last request: 26.746659 seconds.
  path: Assets/Prefabs/MissileLauncher.prefab
  artifactKey: Guid(28886474c13dfff4cb183350df126081) Importer(815301076,1909f56bfc062723c751e8b465ee728b)
Start importing Assets/Prefabs/MissileLauncher.prefab using Guid(28886474c13dfff4cb183350df126081) Importer(815301076,1909f56bfc062723c751e8b465ee728b)  -> (artifact id: 'ed878be2af6ad8060c2890e53e1048df') in 0.033811 seconds 
========================================================================
Received Import Request.
  Time since last request: 46.550187 seconds.
  path: Assets/Prefabs/MissileLauncher.prefab
  artifactKey: Guid(28886474c13dfff4cb183350df126081) Importer(815301076,1909f56bfc062723c751e8b465ee728b)
Start importing Assets/Prefabs/MissileLauncher.prefab using Guid(28886474c13dfff4cb183350df126081) Importer(815301076,1909f56bfc062723c751e8b465ee728b)  -> (artifact id: 'cdf3ac5abb92679dcea7348bacf27ce2') in 0.032177 seconds 
========================================================================
Received Import Request.
  Time since last request: 3.738097 seconds.
  path: Assets/Prefabs/MissileLauncher.prefab
  artifactKey: Guid(28886474c13dfff4cb183350df126081) Importer(815301076,1909f56bfc062723c751e8b465ee728b)
Start importing Assets/Prefabs/MissileLauncher.prefab using Guid(28886474c13dfff4cb183350df126081) Importer(815301076,1909f56bfc062723c751e8b465ee728b)  -> (artifact id: '9110f2ea498b1a365e3586221b541502') in 0.034007 seconds 
========================================================================
Received Import Request.
  Time since last request: 5.279470 seconds.
  path: Assets/Prefabs/MissileLauncher.prefab
  artifactKey: Guid(28886474c13dfff4cb183350df126081) Importer(815301076,1909f56bfc062723c751e8b465ee728b)
Start importing Assets/Prefabs/MissileLauncher.prefab using Guid(28886474c13dfff4cb183350df126081) Importer(815301076,1909f56bfc062723c751e8b465ee728b)  -> (artifact id: '77eb65d0947ecea5552b814c072df84c') in 0.076860 seconds 
========================================================================
Received Import Request.
  Time since last request: 3.605580 seconds.
  path: Assets/Prefabs/MissileLauncher.prefab
  artifactKey: Guid(28886474c13dfff4cb183350df126081) Importer(815301076,1909f56bfc062723c751e8b465ee728b)
Start importing Assets/Prefabs/MissileLauncher.prefab using Guid(28886474c13dfff4cb183350df126081) Importer(815301076,1909f56bfc062723c751e8b465ee728b)  -> (artifact id: '06fac9c8da95a72981a5768cdd4a223b') in 0.034474 seconds 
========================================================================
Received Import Request.
  Time since last request: 3.164820 seconds.
  path: Assets/Prefabs/MissileLauncher.prefab
  artifactKey: Guid(28886474c13dfff4cb183350df126081) Importer(815301076,1909f56bfc062723c751e8b465ee728b)
Start importing Assets/Prefabs/MissileLauncher.prefab using Guid(28886474c13dfff4cb183350df126081) Importer(815301076,1909f56bfc062723c751e8b465ee728b)  -> (artifact id: '517ef7f3536bfeb3201ed5bb0df9afe8') in 0.036263 seconds 
========================================================================
Received Import Request.
  Time since last request: 5.821937 seconds.
  path: Assets/Prefabs/MissileLauncher.prefab
  artifactKey: Guid(28886474c13dfff4cb183350df126081) Importer(815301076,1909f56bfc062723c751e8b465ee728b)
Start importing Assets/Prefabs/MissileLauncher.prefab using Guid(28886474c13dfff4cb183350df126081) Importer(815301076,1909f56bfc062723c751e8b465ee728b)  -> (artifact id: '6bb720ad16dde009361bad8b8a659cf2') in 0.033082 seconds 
========================================================================
Received Import Request.
  Time since last request: 3.807497 seconds.
  path: Assets/Prefabs/MissileLauncher.prefab
  artifactKey: Guid(28886474c13dfff4cb183350df126081) Importer(815301076,1909f56bfc062723c751e8b465ee728b)
Start importing Assets/Prefabs/MissileLauncher.prefab using Guid(28886474c13dfff4cb183350df126081) Importer(815301076,1909f56bfc062723c751e8b465ee728b)  -> (artifact id: '3186dc3a1d1f2718e3fc3090811fd85f') in 0.035670 seconds 
========================================================================
Received Import Request.
  Time since last request: 8.283265 seconds.
  path: Assets/Prefabs/MissileLauncher.prefab
  artifactKey: Guid(28886474c13dfff4cb183350df126081) Importer(815301076,1909f56bfc062723c751e8b465ee728b)
Start importing Assets/Prefabs/MissileLauncher.prefab using Guid(28886474c13dfff4cb183350df126081) Importer(815301076,1909f56bfc062723c751e8b465ee728b)  -> (artifact id: 'b569f370863b04928b66eca58e200d90') in 0.034824 seconds 
========================================================================
Received Import Request.
  Time since last request: 6.621530 seconds.
  path: Assets/Prefabs/MissileLauncher.prefab
  artifactKey: Guid(28886474c13dfff4cb183350df126081) Importer(815301076,1909f56bfc062723c751e8b465ee728b)
Start importing Assets/Prefabs/MissileLauncher.prefab using Guid(28886474c13dfff4cb183350df126081) Importer(815301076,1909f56bfc062723c751e8b465ee728b)  -> (artifact id: 'e0d7c41426524b0b1763fda4dc857a40') in 0.034793 seconds 
========================================================================
Received Import Request.
  Time since last request: 3.651631 seconds.
  path: Assets/Prefabs/MissileLauncher.prefab
  artifactKey: Guid(28886474c13dfff4cb183350df126081) Importer(815301076,1909f56bfc062723c751e8b465ee728b)
Start importing Assets/Prefabs/MissileLauncher.prefab using Guid(28886474c13dfff4cb183350df126081) Importer(815301076,1909f56bfc062723c751e8b465ee728b)  -> (artifact id: 'e43532950fa60d3847b8a688ada5361b') in 0.050125 seconds 
========================================================================
Received Import Request.
  Time since last request: 1.353402 seconds.
  path: Assets/Prefabs/MissileLauncher.prefab
  artifactKey: Guid(28886474c13dfff4cb183350df126081) Importer(815301076,1909f56bfc062723c751e8b465ee728b)
Start importing Assets/Prefabs/MissileLauncher.prefab using Guid(28886474c13dfff4cb183350df126081) Importer(815301076,1909f56bfc062723c751e8b465ee728b)  -> (artifact id: 'e96d518be51a98d6cf872d7225910d92') in 0.040063 seconds 
========================================================================
Received Import Request.
  Time since last request: 6.195893 seconds.
  path: Assets/Prefabs/MissileLauncher.prefab
  artifactKey: Guid(28886474c13dfff4cb183350df126081) Importer(815301076,1909f56bfc062723c751e8b465ee728b)
Start importing Assets/Prefabs/MissileLauncher.prefab using Guid(28886474c13dfff4cb183350df126081) Importer(815301076,1909f56bfc062723c751e8b465ee728b)  -> (artifact id: 'dfe7a2546a4e628c8fd1a8f3ba39cea9') in 0.031567 seconds 
========================================================================
Received Import Request.
  Time since last request: 1.385251 seconds.
  path: Assets/Prefabs/MissileLauncher.prefab
  artifactKey: Guid(28886474c13dfff4cb183350df126081) Importer(815301076,1909f56bfc062723c751e8b465ee728b)
Start importing Assets/Prefabs/MissileLauncher.prefab using Guid(28886474c13dfff4cb183350df126081) Importer(815301076,1909f56bfc062723c751e8b465ee728b)  -> (artifact id: '04612043f8fef8ab2886608cf09ddb93') in 0.040250 seconds 
========================================================================
Received Prepare
Registering precompiled user dll's ...
Registered in 0.012692 seconds.
Begin MonoManager ReloadAssembly
Symbol file LoadedFromMemory doesn't match image C:\Users\HP\Documents\GitHub\Towerdefense\Tower Defense\Library\PackageCache\com.unity.visualscripting@1.7.8\Editor\VisualScripting.Core\Dependencies\YamlDotNet\Unity.VisualScripting.YamlDotNet.dll
Symbol file LoadedFromMemory doesn't match image C:\Users\HP\Documents\GitHub\Towerdefense\Tower Defense\Library\PackageCache\com.unity.visualscripting@1.7.8\Editor\VisualScripting.Core\Dependencies\DotNetZip\Unity.VisualScripting.IonicZip.dll
Native extension for WindowsStandalone target not found
Native extension for Android target not found
Native extension for WebGL target not found
Refreshing native plugins compatible for Editor in 2.17 ms, found 3 plugins.
Preloading 0 native plugins for Editor in 0.00 ms.
Mono: successfully reloaded assembly
- Completed reload, in  2.115 seconds
Domain Reload Profiling:
	ReloadAssembly (2116ms)
		BeginReloadAssembly (250ms)
			ExecutionOrderSort (0ms)
			DisableScriptedObjects (13ms)
			BackupInstance (0ms)
			ReleaseScriptingObjects (0ms)
			CreateAndSetChildDomain (65ms)
		EndReloadAssembly (1671ms)
			LoadAssemblies (158ms)
			RebuildTransferFunctionScriptingTraits (0ms)
			SetupTypeCache (463ms)
			ReleaseScriptCaches (2ms)
			RebuildScriptCaches (107ms)
			SetupLoadedEditorAssemblies (817ms)
				LogAssemblyErrors (0ms)
				InitializePlatformSupportModulesInManaged (62ms)
				SetLoadedEditorAssemblies (2ms)
				RefreshPlugins (2ms)
				BeforeProcessingInitializeOnLoad (166ms)
				ProcessInitializeOnLoadAttributes (503ms)
				ProcessInitializeOnLoadMethodAttributes (62ms)
				AfterProcessingInitializeOnLoad (19ms)
				EditorAssembliesLoaded (1ms)
			ExecutionOrderSort2 (0ms)
			AwakeInstancesAfterBackupRestoration (14ms)
Platform modules already initialized, skipping
Refreshing native plugins compatible for Editor in 5.53 ms, found 3 plugins.
Preloading 0 native plugins for Editor in 0.00 ms.
Unloading 3280 Unused Serialized files (Serialized files now loaded: 0)
Unloading 17 unused Assets / (24.6 KB). Loaded Objects now: 3821.
Memory consumption went from 120.7 MB to 120.7 MB.
Total: 6.807000 ms (FindLiveObjects: 0.628500 ms CreateObjectMapping: 0.306100 ms MarkObjects: 5.798400 ms  DeleteObjects: 0.072000 ms)

AssetImportParameters requested are different than current active one (requested -> active):
  custom:video-decoder-ogg-theora: a1e56fd34408186e4bbccfd4996cb3dc -> 
  custom:container-muxer-webm: aa71ff27fc2769a1b78a27578f13a17b -> 
  custom:container-demuxer-webm: 4f35f7cbe854078d1ac9338744f61a02 -> 
  custom:video-encoder-webm-vp8: eb34c28f22e8b96e1ab97ce403110664 -> 
  custom:audio-encoder-webm-vorbis: bf7c407c2cedff20999df2af8eb42d56 -> 
  custom:framework-win-MediaFoundation: 216162199b28c13a410421893ffa2e32 -> 
  custom:container-demuxer-ogg: 62fdf1f143b41e24485cea50d1cbac27 -> 
  custom:video-decoder-webm-vp8: 9c59270c3fd7afecdb556c50c9e8de78 -> 
  custom:audio-decoder-ogg-vorbis: bf7c407c2cedff20999df2af8eb42d56 -> 
========================================================================
Received Prepare
Registering precompiled user dll's ...
Registered in 0.010657 seconds.
Begin MonoManager ReloadAssembly
Symbol file LoadedFromMemory doesn't match image C:\Users\HP\Documents\GitHub\Towerdefense\Tower Defense\Library\PackageCache\com.unity.visualscripting@1.7.8\Editor\VisualScripting.Core\Dependencies\YamlDotNet\Unity.VisualScripting.YamlDotNet.dll
Symbol file LoadedFromMemory doesn't match image C:\Users\HP\Documents\GitHub\Towerdefense\Tower Defense\Library\PackageCache\com.unity.visualscripting@1.7.8\Editor\VisualScripting.Core\Dependencies\DotNetZip\Unity.VisualScripting.IonicZip.dll
Native extension for WindowsStandalone target not found
Native extension for Android target not found
Native extension for WebGL target not found
Refreshing native plugins compatible for Editor in 1.55 ms, found 3 plugins.
Preloading 0 native plugins for Editor in 0.00 ms.
Mono: successfully reloaded assembly
- Completed reload, in  2.038 seconds
Domain Reload Profiling:
	ReloadAssembly (2039ms)
		BeginReloadAssembly (248ms)
			ExecutionOrderSort (0ms)
			DisableScriptedObjects (10ms)
			BackupInstance (0ms)
			ReleaseScriptingObjects (0ms)
			CreateAndSetChildDomain (57ms)
		EndReloadAssembly (1600ms)
			LoadAssemblies (185ms)
			RebuildTransferFunctionScriptingTraits (0ms)
			SetupTypeCache (450ms)
			ReleaseScriptCaches (2ms)
			RebuildScriptCaches (85ms)
			SetupLoadedEditorAssemblies (792ms)
				LogAssemblyErrors (0ms)
				InitializePlatformSupportModulesInManaged (61ms)
				SetLoadedEditorAssemblies (1ms)
				RefreshPlugins (2ms)
				BeforeProcessingInitializeOnLoad (159ms)
				ProcessInitializeOnLoadAttributes (487ms)
				ProcessInitializeOnLoadMethodAttributes (63ms)
				AfterProcessingInitializeOnLoad (18ms)
				EditorAssembliesLoaded (1ms)
			ExecutionOrderSort2 (0ms)
			AwakeInstancesAfterBackupRestoration (23ms)
Platform modules already initialized, skipping
Refreshing native plugins compatible for Editor in 4.18 ms, found 3 plugins.
Preloading 0 native plugins for Editor in 0.00 ms.
Unloading 3280 Unused Serialized files (Serialized files now loaded: 0)
Unloading 17 unused Assets / (24.6 KB). Loaded Objects now: 3824.
Memory consumption went from 120.7 MB to 120.7 MB.
Total: 6.876600 ms (FindLiveObjects: 0.394700 ms CreateObjectMapping: 0.354200 ms MarkObjects: 6.085000 ms  DeleteObjects: 0.040800 ms)

AssetImportParameters requested are different than current active one (requested -> active):
  custom:video-decoder-ogg-theora: a1e56fd34408186e4bbccfd4996cb3dc -> 
  custom:container-muxer-webm: aa71ff27fc2769a1b78a27578f13a17b -> 
  custom:container-demuxer-webm: 4f35f7cbe854078d1ac9338744f61a02 -> 
  custom:video-encoder-webm-vp8: eb34c28f22e8b96e1ab97ce403110664 -> 
  custom:audio-encoder-webm-vorbis: bf7c407c2cedff20999df2af8eb42d56 -> 
  custom:framework-win-MediaFoundation: 216162199b28c13a410421893ffa2e32 -> 
  custom:container-demuxer-ogg: 62fdf1f143b41e24485cea50d1cbac27 -> 
  custom:video-decoder-webm-vp8: 9c59270c3fd7afecdb556c50c9e8de78 -> 
  custom:audio-decoder-ogg-vorbis: bf7c407c2cedff20999df2af8eb42d56 -> 
